<?xml version="1.0" encoding="UTF-8"?>
<robot generator="Robot 3.2.1 (Python 3.8.3 on win32)" generated="20200707 21:17:19.683" rpa="false">
<suite id="s1" name="Sa 2 Add New User" source="C:\Users\Fligno-Laptop-005\Documents\Gitlab Repositories\GC-NXTChecks-Automation\Test Cases\sa_2_add_new_user.robot">
<test id="s1-t1" name="Scenario: Create a user">
<kw name="Given user is in Login Page">
<kw name="Login Page" library="common">
<kw name="Open Browser" library="Selenium2Library">
<doc>Opens a new browser instance to the optional ``url``.</doc>
<arguments>
<arg>${url_stg}</arg>
<arg>${browser}</arg>
</arguments>
<msg timestamp="20200707 21:17:20.525" level="INFO">Opening browser 'chrome' to base url 'https://stg.nxtchecks.nxtform.com/'.</msg>
<status status="PASS" starttime="20200707 21:17:20.524" endtime="20200707 21:17:34.177"></status>
</kw>
<kw name="Maximize Browser Window" library="Selenium2Library">
<doc>Maximizes current browser window.</doc>
<status status="PASS" starttime="20200707 21:17:34.177" endtime="20200707 21:17:36.297"></status>
</kw>
<kw name="Sleep" library="BuiltIn">
<doc>Pauses the test executed for the given time.</doc>
<arguments>
<arg>5</arg>
</arguments>
<msg timestamp="20200707 21:17:41.299" level="INFO">Slept 5 seconds</msg>
<status status="PASS" starttime="20200707 21:17:36.297" endtime="20200707 21:17:41.299"></status>
</kw>
<status status="PASS" starttime="20200707 21:17:20.524" endtime="20200707 21:17:41.299"></status>
</kw>
<status status="PASS" starttime="20200707 21:17:20.523" endtime="20200707 21:17:41.300"></status>
</kw>
<kw name="And user enter Superadmin Credentials">
<kw name="Superadmin Account" library="common">
<kw name="Sleep" library="BuiltIn">
<doc>Pauses the test executed for the given time.</doc>
<arguments>
<arg>5</arg>
</arguments>
<msg timestamp="20200707 21:17:46.304" level="INFO">Slept 5 seconds</msg>
<status status="PASS" starttime="20200707 21:17:41.303" endtime="20200707 21:17:46.304"></status>
</kw>
<kw name="Wait Until Page Contains" library="Selenium2Library">
<doc>Waits until ``text`` appears on the current page.</doc>
<arguments>
<arg>Login Account</arg>
</arguments>
<status status="PASS" starttime="20200707 21:17:46.305" endtime="20200707 21:17:47.079"></status>
</kw>
<kw name="Sleep" library="BuiltIn">
<doc>Pauses the test executed for the given time.</doc>
<arguments>
<arg>5</arg>
</arguments>
<msg timestamp="20200707 21:17:52.082" level="INFO">Slept 5 seconds</msg>
<status status="PASS" starttime="20200707 21:17:47.080" endtime="20200707 21:17:52.082"></status>
</kw>
<kw name="Input Text" library="Selenium2Library">
<doc>Types the given ``text`` into the text field identified by ``locator``.</doc>
<arguments>
<arg>//*[@id="login-component"]/form/div[1]/input</arg>
<arg>${super_admin}</arg>
</arguments>
<msg timestamp="20200707 21:17:52.083" level="INFO">Typing text 'globalchecksdeveloper@gmail.com' into text field '//*[@id="login-component"]/form/div[1]/input'.</msg>
<status status="PASS" starttime="20200707 21:17:52.082" endtime="20200707 21:17:52.427"></status>
</kw>
<kw name="Input Text" library="Selenium2Library">
<doc>Types the given ``text`` into the text field identified by ``locator``.</doc>
<arguments>
<arg>//*[@id="login-component"]/form/div[2]/input</arg>
<arg>${sa_password}</arg>
</arguments>
<msg timestamp="20200707 21:17:52.428" level="INFO">Typing text 'qzRtC52' into text field '//*[@id="login-component"]/form/div[2]/input'.</msg>
<status status="PASS" starttime="20200707 21:17:52.428" endtime="20200707 21:17:52.573"></status>
</kw>
<status status="PASS" starttime="20200707 21:17:41.302" endtime="20200707 21:17:52.574"></status>
</kw>
<status status="PASS" starttime="20200707 21:17:41.301" endtime="20200707 21:17:52.574"></status>
</kw>
<kw name="When user click Login button">
<kw name="Login Button" library="common">
<kw name="Click Element" library="Selenium2Library">
<doc>Click the element identified by ``locator``.</doc>
<arguments>
<arg>//*[@id="login-component"]/form/div[3]/button</arg>
</arguments>
<msg timestamp="20200707 21:17:52.576" level="INFO">Clicking element '//*[@id="login-component"]/form/div[3]/button'.</msg>
<status status="PASS" starttime="20200707 21:17:52.575" endtime="20200707 21:17:52.672"></status>
</kw>
<status status="PASS" starttime="20200707 21:17:52.575" endtime="20200707 21:17:52.673"></status>
</kw>
<status status="PASS" starttime="20200707 21:17:52.574" endtime="20200707 21:17:52.673"></status>
</kw>
<kw name="Then user should be directed to the Dashboard">
<kw name="Dashboard" library="common">
<kw name="Sleep" library="BuiltIn">
<doc>Pauses the test executed for the given time.</doc>
<arguments>
<arg>5</arg>
</arguments>
<msg timestamp="20200707 21:17:57.675" level="INFO">Slept 5 seconds</msg>
<status status="PASS" starttime="20200707 21:17:52.675" endtime="20200707 21:17:57.675"></status>
</kw>
<kw name="Page Should Contain" library="Selenium2Library">
<doc>Verifies that current page contains ``text``.</doc>
<arguments>
<arg>Dashboard</arg>
</arguments>
<msg timestamp="20200707 21:17:57.701" level="INFO">Current page contains text 'Dashboard'.</msg>
<status status="PASS" starttime="20200707 21:17:57.675" endtime="20200707 21:17:57.701"></status>
</kw>
<kw name="Sleep" library="BuiltIn">
<doc>Pauses the test executed for the given time.</doc>
<arguments>
<arg>5</arg>
</arguments>
<msg timestamp="20200707 21:18:02.702" level="INFO">Slept 5 seconds</msg>
<status status="PASS" starttime="20200707 21:17:57.701" endtime="20200707 21:18:02.702"></status>
</kw>
<status status="PASS" starttime="20200707 21:17:52.674" endtime="20200707 21:18:02.702"></status>
</kw>
<status status="PASS" starttime="20200707 21:17:52.674" endtime="20200707 21:18:02.702"></status>
</kw>
<kw name="And user navigate to User Management">
<kw name="User Management" library="common">
<kw name="Click Element" library="Selenium2Library">
<doc>Click the element identified by ``locator``.</doc>
<arguments>
<arg>xpath=/html/body/div/div[2]/div/div[2]/div[1]/div/div[2]/div/div/a[3]</arg>
</arguments>
<msg timestamp="20200707 21:18:02.705" level="INFO">Clicking element 'xpath=/html/body/div/div[2]/div/div[2]/div[1]/div/div[2]/div/div/a[3]'.</msg>
<status status="PASS" starttime="20200707 21:18:02.705" endtime="20200707 21:18:02.844"></status>
</kw>
<kw name="Page Should Contain" library="Selenium2Library">
<doc>Verifies that current page contains ``text``.</doc>
<arguments>
<arg>User Management</arg>
<arg>ian@nxtform.com</arg>
</arguments>
<msg timestamp="20200707 21:18:02.874" level="INFO">Current page contains text 'User Management'.</msg>
<status status="PASS" starttime="20200707 21:18:02.845" endtime="20200707 21:18:02.875"></status>
</kw>
<kw name="Sleep" library="BuiltIn">
<doc>Pauses the test executed for the given time.</doc>
<arguments>
<arg>5</arg>
</arguments>
<msg timestamp="20200707 21:18:07.878" level="INFO">Slept 5 seconds</msg>
<status status="PASS" starttime="20200707 21:18:02.875" endtime="20200707 21:18:07.878"></status>
</kw>
<status status="PASS" starttime="20200707 21:18:02.705" endtime="20200707 21:18:07.878"></status>
</kw>
<status status="PASS" starttime="20200707 21:18:02.704" endtime="20200707 21:18:07.878"></status>
</kw>
<kw name="And user click + New User Button">
<kw name="Click New User Button" library="2_add_new_user">
<kw name="Click Button" library="Selenium2Library">
<doc>Clicks the button identified by ``locator``.</doc>
<arguments>
<arg>xpath=//*[@id="super-admin-dashboard-user-management-component"]/div[1]/div[1]/button</arg>
</arguments>
<msg timestamp="20200707 21:18:07.880" level="INFO">Clicking button 'xpath=//*[@id="super-admin-dashboard-user-management-component"]/div[1]/div[1]/button'.</msg>
<status status="PASS" starttime="20200707 21:18:07.880" endtime="20200707 21:18:08.004"></status>
</kw>
<kw name="Sleep" library="BuiltIn">
<doc>Pauses the test executed for the given time.</doc>
<arguments>
<arg>3</arg>
</arguments>
<msg timestamp="20200707 21:18:11.005" level="INFO">Slept 3 seconds</msg>
<status status="PASS" starttime="20200707 21:18:08.005" endtime="20200707 21:18:11.005"></status>
</kw>
<kw name="Element Should Be Visible" library="Selenium2Library">
<doc>Verifies that the element identified by ``locator`` is visible.</doc>
<arguments>
<arg>xpath=//*[@id="super-admin-dashboard-user-management-component"]/div[2]/div/div/div</arg>
</arguments>
<msg timestamp="20200707 21:18:11.039" level="INFO">Element 'xpath=//*[@id="super-admin-dashboard-user-management-component"]/div[2]/div/div/div' is displayed.</msg>
<status status="PASS" starttime="20200707 21:18:11.005" endtime="20200707 21:18:11.039"></status>
</kw>
<kw name="Element Should Contain" library="Selenium2Library">
<doc>Verifies that element ``locator`` contains text ``expected``.</doc>
<arguments>
<arg>xpath=//*[@id="super-admin-dashboard-user-management-component"]/div[2]/div/div/div</arg>
<arg>User Form</arg>
</arguments>
<msg timestamp="20200707 21:18:11.114" level="INFO">Element 'xpath=//*[@id="super-admin-dashboard-user-management-component"]/div[2]/div/div/div' contains text 'User Form'.</msg>
<status status="PASS" starttime="20200707 21:18:11.040" endtime="20200707 21:18:11.115"></status>
</kw>
<status status="PASS" starttime="20200707 21:18:07.880" endtime="20200707 21:18:11.115"></status>
</kw>
<status status="PASS" starttime="20200707 21:18:07.879" endtime="20200707 21:18:11.115"></status>
</kw>
<kw name="And user enter First Name">
<kw name="First Name UM" library="2_add_new_user">
<kw name="First Name" library="FakerLibrary">
<assign>
<var>${fname}</var>
</assign>
<msg timestamp="20200707 21:18:11.117" level="INFO">${fname} = Virginia</msg>
<status status="PASS" starttime="20200707 21:18:11.117" endtime="20200707 21:18:11.117"></status>
</kw>
<kw name="Input Text" library="Selenium2Library">
<doc>Types the given ``text`` into the text field identified by ``locator``.</doc>
<arguments>
<arg>xpath=//*[@id="new-user-form-component"]/form/div/div[2]/div/input</arg>
<arg>${fname}</arg>
</arguments>
<msg timestamp="20200707 21:18:11.118" level="INFO">Typing text 'Virginia' into text field 'xpath=//*[@id="new-user-form-component"]/form/div/div[2]/div/input'.</msg>
<status status="PASS" starttime="20200707 21:18:11.118" endtime="20200707 21:18:11.410"></status>
</kw>
<status status="PASS" starttime="20200707 21:18:11.116" endtime="20200707 21:18:11.410"></status>
</kw>
<status status="PASS" starttime="20200707 21:18:11.116" endtime="20200707 21:18:11.411"></status>
</kw>
<kw name="And user enter Last Name">
<kw name="Last Name UM" library="2_add_new_user">
<kw name="Last Name" library="FakerLibrary">
<assign>
<var>${lname}</var>
</assign>
<msg timestamp="20200707 21:18:11.415" level="INFO">${lname} = Duarte</msg>
<status status="PASS" starttime="20200707 21:18:11.414" endtime="20200707 21:18:11.415"></status>
</kw>
<kw name="Input Text" library="Selenium2Library">
<doc>Types the given ``text`` into the text field identified by ``locator``.</doc>
<arguments>
<arg>xpath=//*[@id="new-user-form-component"]/form/div/div[3]/div/input</arg>
<arg>${lname}</arg>
</arguments>
<msg timestamp="20200707 21:18:11.416" level="INFO">Typing text 'Duarte' into text field 'xpath=//*[@id="new-user-form-component"]/form/div/div[3]/div/input'.</msg>
<status status="PASS" starttime="20200707 21:18:11.415" endtime="20200707 21:18:11.670"></status>
</kw>
<status status="PASS" starttime="20200707 21:18:11.413" endtime="20200707 21:18:11.671"></status>
</kw>
<status status="PASS" starttime="20200707 21:18:11.412" endtime="20200707 21:18:11.671"></status>
</kw>
<kw name="And user enter Birth Date">
<kw name="Birth Date UM" library="2_add_new_user">
<kw name="Input Text" library="Selenium2Library">
<doc>Types the given ``text`` into the text field identified by ``locator``.</doc>
<arguments>
<arg>xpath=//*[@id="new-user-form-component"]/form/div/div[4]/div/input</arg>
<arg>2020-07-15</arg>
</arguments>
<msg timestamp="20200707 21:18:11.673" level="INFO">Typing text '2020-07-15' into text field 'xpath=//*[@id="new-user-form-component"]/form/div/div[4]/div/input'.</msg>
<status status="PASS" starttime="20200707 21:18:11.672" endtime="20200707 21:18:11.931"></status>
</kw>
<status status="PASS" starttime="20200707 21:18:11.672" endtime="20200707 21:18:11.932"></status>
</kw>
<status status="PASS" starttime="20200707 21:18:11.671" endtime="20200707 21:18:11.932"></status>
</kw>
<kw name="And user select Gender">
<kw name="Gender UM" library="2_add_new_user">
<kw name="Evaluate" library="BuiltIn">
<doc>Evaluates the given expression in Python and returns the result.</doc>
<arguments>
<arg>random.randint(2,3)</arg>
<arg>random</arg>
</arguments>
<assign>
<var>${gender}</var>
</assign>
<msg timestamp="20200707 21:18:11.934" level="INFO">${gender} = 3</msg>
<status status="PASS" starttime="20200707 21:18:11.934" endtime="20200707 21:18:11.934"></status>
</kw>
<kw name="Click Element" library="Selenium2Library">
<doc>Click the element identified by ``locator``.</doc>
<arguments>
<arg>xpath=//*[@id="new-user-form-component"]/form/div/div[5]/div/div[1]/input</arg>
</arguments>
<msg timestamp="20200707 21:18:11.935" level="INFO">Clicking element 'xpath=//*[@id="new-user-form-component"]/form/div/div[5]/div/div[1]/input'.</msg>
<status status="PASS" starttime="20200707 21:18:11.935" endtime="20200707 21:18:12.271"></status>
</kw>
<kw name="Click Element" library="Selenium2Library">
<doc>Click the element identified by ``locator``.</doc>
<arguments>
<arg>xpath=//*[@id="new-user-form-component"]/form/div/div[5]/div/div[2]/div[1]/div[1]/ul/li[${gender}]</arg>
</arguments>
<msg timestamp="20200707 21:18:12.271" level="INFO">Clicking element 'xpath=//*[@id="new-user-form-component"]/form/div/div[5]/div/div[2]/div[1]/div[1]/ul/li[3]'.</msg>
<status status="PASS" starttime="20200707 21:18:12.271" endtime="20200707 21:18:12.385"></status>
</kw>
<status status="PASS" starttime="20200707 21:18:11.933" endtime="20200707 21:18:12.386"></status>
</kw>
<status status="PASS" starttime="20200707 21:18:11.933" endtime="20200707 21:18:12.386"></status>
</kw>
<kw name="And user enter Email Address">
<kw name="Email Address UM" library="2_add_new_user">
<kw name="Email" library="FakerLibrary">
<assign>
<var>${email}</var>
</assign>
<msg timestamp="20200707 21:18:12.390" level="INFO">${email} = hintonjoshua@hotmail.com</msg>
<status status="PASS" starttime="20200707 21:18:12.389" endtime="20200707 21:18:12.390"></status>
</kw>
<kw name="Input Text" library="Selenium2Library">
<doc>Types the given ``text`` into the text field identified by ``locator``.</doc>
<arguments>
<arg>xpath=//*[@id="new-user-form-component"]/form/div/div[6]/div/input</arg>
<arg>${email}</arg>
</arguments>
<msg timestamp="20200707 21:18:12.390" level="INFO">Typing text 'hintonjoshua@hotmail.com' into text field 'xpath=//*[@id="new-user-form-component"]/form/div/div[6]/div/input'.</msg>
<status status="PASS" starttime="20200707 21:18:12.390" endtime="20200707 21:18:12.948"></status>
</kw>
<status status="PASS" starttime="20200707 21:18:12.388" endtime="20200707 21:18:12.949"></status>
</kw>
<status status="PASS" starttime="20200707 21:18:12.387" endtime="20200707 21:18:12.949"></status>
</kw>
<kw name="And user select Role">
<kw name="Role UM" library="2_add_new_user">
<kw name="Evaluate" library="BuiltIn">
<doc>Evaluates the given expression in Python and returns the result.</doc>
<arguments>
<arg>random.randint(2,3)</arg>
<arg>random</arg>
</arguments>
<assign>
<var>${role}</var>
</assign>
<msg timestamp="20200707 21:18:12.951" level="INFO">${role} = 2</msg>
<status status="PASS" starttime="20200707 21:18:12.950" endtime="20200707 21:18:12.951"></status>
</kw>
<kw name="Click Element" library="Selenium2Library">
<doc>Click the element identified by ``locator``.</doc>
<arguments>
<arg>xpath=//*[@id="new-user-form-component"]/form/div/div[7]/div/div[1]/input</arg>
</arguments>
<msg timestamp="20200707 21:18:12.951" level="INFO">Clicking element 'xpath=//*[@id="new-user-form-component"]/form/div/div[7]/div/div[1]/input'.</msg>
<status status="PASS" starttime="20200707 21:18:12.951" endtime="20200707 21:18:13.058"></status>
</kw>
<kw name="Click Element" library="Selenium2Library">
<doc>Click the element identified by ``locator``.</doc>
<arguments>
<arg>xpath=//*[@id="new-user-form-component"]/form/div/div[7]/div/div[2]/div[1]/div[1]/ul/li[${role}]</arg>
</arguments>
<msg timestamp="20200707 21:18:13.059" level="INFO">Clicking element 'xpath=//*[@id="new-user-form-component"]/form/div/div[7]/div/div[2]/div[1]/div[1]/ul/li[2]'.</msg>
<status status="PASS" starttime="20200707 21:18:13.058" endtime="20200707 21:18:13.163"></status>
</kw>
<status status="PASS" starttime="20200707 21:18:12.950" endtime="20200707 21:18:13.163"></status>
</kw>
<status status="PASS" starttime="20200707 21:18:12.949" endtime="20200707 21:18:13.163"></status>
</kw>
<status status="PASS" starttime="20200707 21:17:20.522" endtime="20200707 21:18:13.164" critical="yes"></status>
</test>
<doc>Tenant Application Form</doc>
<status status="PASS" starttime="20200707 21:17:19.684" endtime="20200707 21:18:13.168"></status>
</suite>
<statistics>
<total>
<stat pass="1" fail="0">Critical Tests</stat>
<stat pass="1" fail="0">All Tests</stat>
</total>
<tag>
</tag>
<suite>
<stat pass="1" fail="0" id="s1" name="Sa 2 Add New User">Sa 2 Add New User</stat>
</suite>
</statistics>
<errors>
</errors>
</robot>
