<?xml version="1.0" encoding="UTF-8"?>
<robot generator="Robot 3.2.1 (Python 3.8.3 on win32)" generated="20200716 14:57:12.581" rpa="false">
<suite id="s1" name="ch Executive Bundle" source="C:\Users\Fligno-Laptop-005\Documents\Gitlab Repositories\GC-NXTChecks-Automation\Test Cases\ch_Executive_Bundle.robot">
<test id="s1-t1" name="Scenario: Fillup Executive Bundle">
<kw name="Given user is in Application Page">
<kw name="Sleep" library="BuiltIn">
<doc>Pauses the test executed for the given time.</doc>
<arguments>
<arg>3</arg>
</arguments>
<msg timestamp="20200716 14:57:17.141" level="INFO">Slept 3 seconds</msg>
<status status="PASS" starttime="20200716 14:57:14.140" endtime="20200716 14:57:17.141"></status>
</kw>
<kw name="Applicant Checks Page" library="check_url">
<kw name="Open Browser" library="Selenium2Library">
<doc>Opens a new browser instance to the optional ``url``.</doc>
<arguments>
<arg>${url_check}</arg>
<arg>${browser}</arg>
</arguments>
<msg timestamp="20200716 14:57:17.142" level="INFO">Opening browser 'chrome' to base url 'https://stg.nxtchecks.nxtform.com/application-info/263'.</msg>
<status status="PASS" starttime="20200716 14:57:17.142" endtime="20200716 14:57:30.348"></status>
</kw>
<kw name="Maximize Browser Window" library="Selenium2Library">
<doc>Maximizes current browser window.</doc>
<status status="PASS" starttime="20200716 14:57:30.349" endtime="20200716 14:57:32.604"></status>
</kw>
<kw name="Sleep" library="BuiltIn">
<doc>Pauses the test executed for the given time.</doc>
<arguments>
<arg>5</arg>
</arguments>
<msg timestamp="20200716 14:57:37.607" level="INFO">Slept 5 seconds</msg>
<status status="PASS" starttime="20200716 14:57:32.604" endtime="20200716 14:57:37.607"></status>
</kw>
<status status="PASS" starttime="20200716 14:57:17.141" endtime="20200716 14:57:37.608"></status>
</kw>
<status status="PASS" starttime="20200716 14:57:14.139" endtime="20200716 14:57:37.608"></status>
</kw>
<kw name="And user enter Check Credentials">
<kw name="Sleep" library="BuiltIn">
<doc>Pauses the test executed for the given time.</doc>
<arguments>
<arg>3</arg>
</arguments>
<msg timestamp="20200716 14:57:40.625" level="INFO">Slept 3 seconds</msg>
<status status="PASS" starttime="20200716 14:57:37.621" endtime="20200716 14:57:40.625"></status>
</kw>
<kw name="Applicant Checks Login" library="check_url">
<kw name="Sleep" library="BuiltIn">
<doc>Pauses the test executed for the given time.</doc>
<arguments>
<arg>2</arg>
</arguments>
<msg timestamp="20200716 14:57:42.629" level="INFO">Slept 2 seconds</msg>
<status status="PASS" starttime="20200716 14:57:40.627" endtime="20200716 14:57:42.630"></status>
</kw>
<kw name="Wait Until Page Contains" library="Selenium2Library">
<doc>Waits until ``text`` appears on the current page.</doc>
<arguments>
<arg>Enter Pass Key</arg>
</arguments>
<status status="PASS" starttime="20200716 14:57:42.631" endtime="20200716 14:57:42.679"></status>
</kw>
<kw name="Input Text" library="Selenium2Library">
<doc>Types the given ``text`` into the text field identified by ``locator``.</doc>
<arguments>
<arg>xpath=//*[@id="application-form-page-component"]/div[1]/div/div[2]/form/div/input</arg>
<arg>${check_pass_key}</arg>
</arguments>
<msg timestamp="20200716 14:57:42.681" level="INFO">Typing text 'CBPBOFI94ZB8ZTAUUBAJMNZLIGBU2EWXMM2AO6IBYQ6FF2J9SEW' into text field 'xpath=//*[@id="application-form-page-component"]/div[1]/div/div[2]/form/div/input'.</msg>
<status status="PASS" starttime="20200716 14:57:42.680" endtime="20200716 14:57:44.169"></status>
</kw>
<kw name="Sleep" library="BuiltIn">
<doc>Pauses the test executed for the given time.</doc>
<arguments>
<arg>2</arg>
</arguments>
<msg timestamp="20200716 14:57:46.176" level="INFO">Slept 2 seconds</msg>
<status status="PASS" starttime="20200716 14:57:44.170" endtime="20200716 14:57:46.176"></status>
</kw>
<kw name="Click Button" library="Selenium2Library">
<doc>Clicks the button identified by ``locator``.</doc>
<arguments>
<arg>xpath=//*[@id="application-form-page-component"]/div[1]/div/div[2]/form/span/div/button</arg>
</arguments>
<msg timestamp="20200716 14:57:46.177" level="INFO">Clicking button 'xpath=//*[@id="application-form-page-component"]/div[1]/div/div[2]/form/span/div/button'.</msg>
<status status="PASS" starttime="20200716 14:57:46.177" endtime="20200716 14:57:46.615"></status>
</kw>
<kw name="Sleep" library="BuiltIn">
<doc>Pauses the test executed for the given time.</doc>
<arguments>
<arg>2</arg>
</arguments>
<msg timestamp="20200716 14:57:48.617" level="INFO">Slept 2 seconds</msg>
<status status="PASS" starttime="20200716 14:57:46.615" endtime="20200716 14:57:48.617"></status>
</kw>
<status status="PASS" starttime="20200716 14:57:40.626" endtime="20200716 14:57:48.618"></status>
</kw>
<status status="PASS" starttime="20200716 14:57:37.619" endtime="20200716 14:57:48.618"></status>
</kw>
<kw name="Then user should be directed to Check Page">
<kw name="Applicant Checks Page Authenticated" library="check_url">
<kw name="Sleep" library="BuiltIn">
<doc>Pauses the test executed for the given time.</doc>
<arguments>
<arg>2</arg>
</arguments>
<msg timestamp="20200716 14:57:50.626" level="INFO">Slept 2 seconds</msg>
<status status="PASS" starttime="20200716 14:57:48.624" endtime="20200716 14:57:50.626"></status>
</kw>
<kw name="Wait Until Page Contains" library="Selenium2Library">
<doc>Waits until ``text`` appears on the current page.</doc>
<arguments>
<arg>Start The Application</arg>
</arguments>
<status status="PASS" starttime="20200716 14:57:50.627" endtime="20200716 14:57:51.416"></status>
</kw>
<kw name="Sleep" library="BuiltIn">
<doc>Pauses the test executed for the given time.</doc>
<arguments>
<arg>2</arg>
</arguments>
<msg timestamp="20200716 14:57:53.421" level="INFO">Slept 2 seconds</msg>
<status status="PASS" starttime="20200716 14:57:51.418" endtime="20200716 14:57:53.421"></status>
</kw>
<status status="PASS" starttime="20200716 14:57:48.623" endtime="20200716 14:57:53.421"></status>
</kw>
<status status="PASS" starttime="20200716 14:57:48.622" endtime="20200716 14:57:53.422"></status>
</kw>
<kw name="And user enter Peronal Details">
<kw name="Check if the form is Visible Personal" library="ch_1_personal_details_executive">
<kw name="Element Should Contain" library="Selenium2Library">
<doc>Verifies that element ``locator`` contains text ``expected``.</doc>
<arguments>
<arg>xpath=//*[@id="personal-details-section-header"]</arg>
<arg>Personal Details</arg>
</arguments>
<msg timestamp="20200716 14:57:54.915" level="INFO">Element 'xpath=//*[@id="personal-details-section-header"]' contains text 'Personal Details'.</msg>
<status status="PASS" starttime="20200716 14:57:53.424" endtime="20200716 14:57:54.915"></status>
</kw>
<status status="PASS" starttime="20200716 14:57:53.424" endtime="20200716 14:57:54.915"></status>
</kw>
<kw name="Enter Given Name" library="ch_1_personal_details_executive">
<kw name="First Name" library="FakerLibrary">
<assign>
<var>${given_name}</var>
</assign>
<msg timestamp="20200716 14:57:54.917" level="INFO">${given_name} = Katelyn</msg>
<status status="PASS" starttime="20200716 14:57:54.916" endtime="20200716 14:57:54.917"></status>
</kw>
<kw name="Input Text" library="Selenium2Library">
<doc>Types the given ``text`` into the text field identified by ``locator``.</doc>
<arguments>
<arg>xpath=//*[@id="personal-details-section"]/div[2]/div[1]/div/input</arg>
<arg>${given_name}</arg>
</arguments>
<msg timestamp="20200716 14:57:54.917" level="INFO">Typing text 'Katelyn' into text field 'xpath=//*[@id="personal-details-section"]/div[2]/div[1]/div/input'.</msg>
<status status="PASS" starttime="20200716 14:57:54.917" endtime="20200716 14:57:55.286"></status>
</kw>
<kw name="Sleep" library="BuiltIn">
<doc>Pauses the test executed for the given time.</doc>
<arguments>
<arg>2</arg>
</arguments>
<msg timestamp="20200716 14:57:57.288" level="INFO">Slept 2 seconds</msg>
<status status="PASS" starttime="20200716 14:57:55.287" endtime="20200716 14:57:57.289"></status>
</kw>
<status status="PASS" starttime="20200716 14:57:54.916" endtime="20200716 14:57:57.290"></status>
</kw>
<kw name="Enter Surname" library="ch_1_personal_details_executive">
<kw name="First Name" library="FakerLibrary">
<assign>
<var>${surname}</var>
</assign>
<msg timestamp="20200716 14:57:57.292" level="INFO">${surname} = Kevin</msg>
<status status="PASS" starttime="20200716 14:57:57.291" endtime="20200716 14:57:57.292"></status>
</kw>
<kw name="Input Text" library="Selenium2Library">
<doc>Types the given ``text`` into the text field identified by ``locator``.</doc>
<arguments>
<arg>xpath=//*[@id="personal-details-section"]/div[2]/div[4]/div/input</arg>
<arg>${surname}</arg>
</arguments>
<msg timestamp="20200716 14:57:57.292" level="INFO">Typing text 'Kevin' into text field 'xpath=//*[@id="personal-details-section"]/div[2]/div[4]/div/input'.</msg>
<status status="PASS" starttime="20200716 14:57:57.292" endtime="20200716 14:57:57.539"></status>
</kw>
<kw name="Sleep" library="BuiltIn">
<doc>Pauses the test executed for the given time.</doc>
<arguments>
<arg>2</arg>
</arguments>
<msg timestamp="20200716 14:57:59.542" level="INFO">Slept 2 seconds</msg>
<status status="PASS" starttime="20200716 14:57:57.539" endtime="20200716 14:57:59.542"></status>
</kw>
<status status="PASS" starttime="20200716 14:57:57.290" endtime="20200716 14:57:59.542"></status>
</kw>
<kw name="Select Gender" library="ch_1_personal_details_executive">
<kw name="Evaluate" library="BuiltIn">
<doc>Evaluates the given expression in Python and returns the result.</doc>
<arguments>
<arg>random.randint(2,3)</arg>
<arg>random</arg>
</arguments>
<assign>
<var>${gender}</var>
</assign>
<msg timestamp="20200716 14:57:59.545" level="INFO">${gender} = 3</msg>
<status status="PASS" starttime="20200716 14:57:59.544" endtime="20200716 14:57:59.545"></status>
</kw>
<kw name="Click Element" library="Selenium2Library">
<doc>Click the element identified by ``locator``.</doc>
<arguments>
<arg>xpath=//*[@id="personal-details-section"]/div[2]/div[5]/div/div[1]/input</arg>
</arguments>
<msg timestamp="20200716 14:57:59.547" level="INFO">Clicking element 'xpath=//*[@id="personal-details-section"]/div[2]/div[5]/div/div[1]/input'.</msg>
<status status="PASS" starttime="20200716 14:57:59.546" endtime="20200716 14:57:59.796"></status>
</kw>
<kw name="Click Element" library="Selenium2Library">
<doc>Click the element identified by ``locator``.</doc>
<arguments>
<arg>xpath=//*[@id="personal-details-section"]/div[2]/div[5]/div/div[2]/div[1]/div[1]/ul/li[${gender}]</arg>
</arguments>
<msg timestamp="20200716 14:57:59.797" level="INFO">Clicking element 'xpath=//*[@id="personal-details-section"]/div[2]/div[5]/div/div[2]/div[1]/div[1]/ul/li[3]'.</msg>
<status status="PASS" starttime="20200716 14:57:59.796" endtime="20200716 14:58:00.131"></status>
</kw>
<kw name="Sleep" library="BuiltIn">
<doc>Pauses the test executed for the given time.</doc>
<arguments>
<arg>2</arg>
</arguments>
<msg timestamp="20200716 14:58:02.132" level="INFO">Slept 2 seconds</msg>
<status status="PASS" starttime="20200716 14:58:00.131" endtime="20200716 14:58:02.132"></status>
</kw>
<status status="PASS" starttime="20200716 14:57:59.543" endtime="20200716 14:58:02.132"></status>
</kw>
<kw name="Enter Personal Occupation" library="ch_1_personal_details_executive">
<kw name="Job" library="FakerLibrary">
<assign>
<var>${personal_occupation}</var>
</assign>
<msg timestamp="20200716 14:58:02.134" level="INFO">${personal_occupation} = Youth worker</msg>
<status status="PASS" starttime="20200716 14:58:02.133" endtime="20200716 14:58:02.134"></status>
</kw>
<kw name="Input Text" library="Selenium2Library">
<doc>Types the given ``text`` into the text field identified by ``locator``.</doc>
<arguments>
<arg>xpath=//*[@id="personal-details-section"]/div[2]/div[6]/div/input</arg>
<arg>${personal_occupation}</arg>
</arguments>
<msg timestamp="20200716 14:58:02.134" level="INFO">Typing text 'Youth worker' into text field 'xpath=//*[@id="personal-details-section"]/div[2]/div[6]/div/input'.</msg>
<status status="PASS" starttime="20200716 14:58:02.134" endtime="20200716 14:58:02.548"></status>
</kw>
<status status="PASS" starttime="20200716 14:58:02.132" endtime="20200716 14:58:02.549"></status>
</kw>
<kw name="Select Additional Previous Name" library="ch_1_personal_details_executive">
<kw name="Click Element" library="Selenium2Library">
<doc>Click the element identified by ``locator``.</doc>
<arguments>
<arg>xpath=//*[@id="personal-details-section"]/div[2]/div[7]/div/label[1]</arg>
</arguments>
<msg timestamp="20200716 14:58:02.551" level="INFO">Clicking element 'xpath=//*[@id="personal-details-section"]/div[2]/div[7]/div/label[1]'.</msg>
<status status="PASS" starttime="20200716 14:58:02.550" endtime="20200716 14:58:02.679"></status>
</kw>
<kw name="Sleep" library="BuiltIn">
<doc>Pauses the test executed for the given time.</doc>
<arguments>
<arg>2</arg>
</arguments>
<msg timestamp="20200716 14:58:04.681" level="INFO">Slept 2 seconds</msg>
<status status="PASS" starttime="20200716 14:58:02.679" endtime="20200716 14:58:04.681"></status>
</kw>
<kw name="Element Should Be Visible" library="Selenium2Library">
<doc>Verifies that the element identified by ``locator`` is visible.</doc>
<arguments>
<arg>xpath=//*[@id="previous-name-section-header"]</arg>
</arguments>
<msg timestamp="20200716 14:58:04.721" level="INFO">Element 'xpath=//*[@id="previous-name-section-header"]' is displayed.</msg>
<status status="PASS" starttime="20200716 14:58:04.681" endtime="20200716 14:58:04.721"></status>
</kw>
<kw name="Element Should Contain" library="Selenium2Library">
<doc>Verifies that element ``locator`` contains text ``expected``.</doc>
<arguments>
<arg>xpath=//*[@id="previous-name-section-header"]</arg>
<arg>Previous Names</arg>
</arguments>
<msg timestamp="20200716 14:58:04.752" level="INFO">Element 'xpath=//*[@id="previous-name-section-header"]' contains text 'Previous Names'.</msg>
<status status="PASS" starttime="20200716 14:58:04.721" endtime="20200716 14:58:04.752"></status>
</kw>
<status status="PASS" starttime="20200716 14:58:02.550" endtime="20200716 14:58:04.753"></status>
</kw>
<kw name="Enter Previous Given Name" library="ch_1_personal_details_executive">
<kw name="First Name" library="FakerLibrary">
<assign>
<var>${previous_given_name}</var>
</assign>
<msg timestamp="20200716 14:58:04.754" level="INFO">${previous_given_name} = Rebecca</msg>
<status status="PASS" starttime="20200716 14:58:04.753" endtime="20200716 14:58:04.754"></status>
</kw>
<kw name="Input Text" library="Selenium2Library">
<doc>Types the given ``text`` into the text field identified by ``locator``.</doc>
<arguments>
<arg>xpath=//*[@id="personal-details-section"]/div[3]/div[2]/div[1]/div/input</arg>
<arg>${previous_given_name}</arg>
</arguments>
<msg timestamp="20200716 14:58:04.754" level="INFO">Typing text 'Rebecca' into text field 'xpath=//*[@id="personal-details-section"]/div[3]/div[2]/div[1]/div/input'.</msg>
<status status="PASS" starttime="20200716 14:58:04.754" endtime="20200716 14:58:05.114"></status>
</kw>
<kw name="Sleep" library="BuiltIn">
<doc>Pauses the test executed for the given time.</doc>
<arguments>
<arg>2</arg>
</arguments>
<msg timestamp="20200716 14:58:07.117" level="INFO">Slept 2 seconds</msg>
<status status="PASS" starttime="20200716 14:58:05.114" endtime="20200716 14:58:07.117"></status>
</kw>
<status status="PASS" starttime="20200716 14:58:04.753" endtime="20200716 14:58:07.117"></status>
</kw>
<kw name="Enter Previous Given Name 2" library="ch_1_personal_details_executive">
<kw name="First Name" library="FakerLibrary">
<assign>
<var>${previous_given_name_2}</var>
</assign>
<msg timestamp="20200716 14:58:07.119" level="INFO">${previous_given_name_2} = Sierra</msg>
<status status="PASS" starttime="20200716 14:58:07.119" endtime="20200716 14:58:07.119"></status>
</kw>
<kw name="Input Text" library="Selenium2Library">
<doc>Types the given ``text`` into the text field identified by ``locator``.</doc>
<arguments>
<arg>xpath=//*[@id="personal-details-section"]/div[3]/div[2]/div[2]/div/input</arg>
<arg>${previous_given_name_2}</arg>
</arguments>
<msg timestamp="20200716 14:58:07.120" level="INFO">Typing text 'Sierra' into text field 'xpath=//*[@id="personal-details-section"]/div[3]/div[2]/div[2]/div/input'.</msg>
<status status="PASS" starttime="20200716 14:58:07.119" endtime="20200716 14:58:07.432"></status>
</kw>
<kw name="Sleep" library="BuiltIn">
<doc>Pauses the test executed for the given time.</doc>
<arguments>
<arg>2</arg>
</arguments>
<msg timestamp="20200716 14:58:09.434" level="INFO">Slept 2 seconds</msg>
<status status="PASS" starttime="20200716 14:58:07.432" endtime="20200716 14:58:09.434"></status>
</kw>
<status status="PASS" starttime="20200716 14:58:07.118" endtime="20200716 14:58:09.435"></status>
</kw>
<kw name="Enter Previous Given Name 3" library="ch_1_personal_details_executive">
<kw name="First Name" library="FakerLibrary">
<assign>
<var>${previous_given_name_3}</var>
</assign>
<msg timestamp="20200716 14:58:09.437" level="INFO">${previous_given_name_3} = Xavier</msg>
<status status="PASS" starttime="20200716 14:58:09.436" endtime="20200716 14:58:09.437"></status>
</kw>
<kw name="Input Text" library="Selenium2Library">
<doc>Types the given ``text`` into the text field identified by ``locator``.</doc>
<arguments>
<arg>xpath=//*[@id="personal-details-section"]/div[3]/div[2]/div[3]/div/input</arg>
<arg>${previous_given_name_3}</arg>
</arguments>
<msg timestamp="20200716 14:58:09.439" level="INFO">Typing text 'Xavier' into text field 'xpath=//*[@id="personal-details-section"]/div[3]/div[2]/div[3]/div/input'.</msg>
<status status="PASS" starttime="20200716 14:58:09.438" endtime="20200716 14:58:09.935"></status>
</kw>
<kw name="Sleep" library="BuiltIn">
<doc>Pauses the test executed for the given time.</doc>
<arguments>
<arg>2</arg>
</arguments>
<msg timestamp="20200716 14:58:11.937" level="INFO">Slept 2 seconds</msg>
<status status="PASS" starttime="20200716 14:58:09.936" endtime="20200716 14:58:11.937"></status>
</kw>
<status status="PASS" starttime="20200716 14:58:09.435" endtime="20200716 14:58:11.937"></status>
</kw>
<kw name="Enter Previous Surname" library="ch_1_personal_details_executive">
<kw name="First Name" library="FakerLibrary">
<assign>
<var>${previous_surname}</var>
</assign>
<msg timestamp="20200716 14:58:11.939" level="INFO">${previous_surname} = Brianna</msg>
<status status="PASS" starttime="20200716 14:58:11.938" endtime="20200716 14:58:11.939"></status>
</kw>
<kw name="Input Text" library="Selenium2Library">
<doc>Types the given ``text`` into the text field identified by ``locator``.</doc>
<arguments>
<arg>xpath=//*[@id="personal-details-section"]/div[3]/div[2]/div[4]/div/input</arg>
<arg>${previous_surname}</arg>
</arguments>
<msg timestamp="20200716 14:58:11.940" level="INFO">Typing text 'Brianna' into text field 'xpath=//*[@id="personal-details-section"]/div[3]/div[2]/div[4]/div/input'.</msg>
<status status="PASS" starttime="20200716 14:58:11.939" endtime="20200716 14:58:12.253"></status>
</kw>
<kw name="Sleep" library="BuiltIn">
<doc>Pauses the test executed for the given time.</doc>
<arguments>
<arg>2</arg>
</arguments>
<msg timestamp="20200716 14:58:14.255" level="INFO">Slept 2 seconds</msg>
<status status="PASS" starttime="20200716 14:58:12.254" endtime="20200716 14:58:14.255"></status>
</kw>
<status status="PASS" starttime="20200716 14:58:11.938" endtime="20200716 14:58:14.255"></status>
</kw>
<kw name="Select Name Type" library="ch_1_personal_details_executive">
<kw name="Evaluate" library="BuiltIn">
<doc>Evaluates the given expression in Python and returns the result.</doc>
<arguments>
<arg>random.randint(1,3)</arg>
<arg>random</arg>
</arguments>
<assign>
<var>${name_type}</var>
</assign>
<msg timestamp="20200716 14:58:14.257" level="INFO">${name_type} = 2</msg>
<status status="PASS" starttime="20200716 14:58:14.256" endtime="20200716 14:58:14.257"></status>
</kw>
<kw name="Click Element" library="Selenium2Library">
<doc>Click the element identified by ``locator``.</doc>
<arguments>
<arg>xpath=//*[@id="personal-details-section"]/div[3]/div[2]/div[5]/div/div[1]/input</arg>
</arguments>
<msg timestamp="20200716 14:58:14.258" level="INFO">Clicking element 'xpath=//*[@id="personal-details-section"]/div[3]/div[2]/div[5]/div/div[1]/input'.</msg>
<status status="PASS" starttime="20200716 14:58:14.258" endtime="20200716 14:58:14.422"></status>
</kw>
<kw name="Sleep" library="BuiltIn">
<doc>Pauses the test executed for the given time.</doc>
<arguments>
<arg>2</arg>
</arguments>
<msg timestamp="20200716 14:58:16.424" level="INFO">Slept 2 seconds</msg>
<status status="PASS" starttime="20200716 14:58:14.422" endtime="20200716 14:58:16.424"></status>
</kw>
<kw name="Click Element" library="Selenium2Library">
<doc>Click the element identified by ``locator``.</doc>
<arguments>
<arg>xpath=//*[@id="personal-details-section"]/div[3]/div[2]/div[5]/div/div[2]/div[1]/div[1]/ul/li[${name_type}]</arg>
</arguments>
<msg timestamp="20200716 14:58:16.425" level="INFO">Clicking element 'xpath=//*[@id="personal-details-section"]/div[3]/div[2]/div[5]/div/div[2]/div[1]/div[1]/ul/li[2]'.</msg>
<status status="PASS" starttime="20200716 14:58:16.424" endtime="20200716 14:58:16.547"></status>
</kw>
<kw name="Sleep" library="BuiltIn">
<doc>Pauses the test executed for the given time.</doc>
<arguments>
<arg>2</arg>
</arguments>
<msg timestamp="20200716 14:58:18.551" level="INFO">Slept 2 seconds</msg>
<status status="PASS" starttime="20200716 14:58:16.548" endtime="20200716 14:58:18.551"></status>
</kw>
<status status="PASS" starttime="20200716 14:58:14.256" endtime="20200716 14:58:18.551"></status>
</kw>
<kw name="Applicant Birth day" library="ch_1_personal_details_executive">
<kw name="Evaluate" library="BuiltIn">
<doc>Evaluates the given expression in Python and returns the result.</doc>
<arguments>
<arg>random.randint(1,31)</arg>
<arg>random</arg>
</arguments>
<assign>
<var>${day_int}</var>
</assign>
<msg timestamp="20200716 14:58:18.553" level="INFO">${day_int} = 6</msg>
<status status="PASS" starttime="20200716 14:58:18.552" endtime="20200716 14:58:18.553"></status>
</kw>
<kw name="Convert To String" library="BuiltIn">
<doc>Converts the given item to a Unicode string.</doc>
<arguments>
<arg>${day_int}</arg>
</arguments>
<assign>
<var>${day}</var>
</assign>
<msg timestamp="20200716 14:58:18.553" level="INFO">${day} = 6</msg>
<status status="PASS" starttime="20200716 14:58:18.553" endtime="20200716 14:58:18.553"></status>
</kw>
<kw name="Input Text" library="Selenium2Library">
<doc>Types the given ``text`` into the text field identified by ``locator``.</doc>
<arguments>
<arg>xpath=//*[@id="personal-details-section"]/div[3]/div[2]/div[6]/section/div/div[1]/div/input</arg>
<arg>${day}</arg>
</arguments>
<msg timestamp="20200716 14:58:18.554" level="INFO">Typing text '6' into text field 'xpath=//*[@id="personal-details-section"]/div[3]/div[2]/div[6]/section/div/div[1]/div/input'.</msg>
<status status="PASS" starttime="20200716 14:58:18.553" endtime="20200716 14:58:18.750"></status>
</kw>
<kw name="Sleep" library="BuiltIn">
<doc>Pauses the test executed for the given time.</doc>
<arguments>
<arg>3</arg>
</arguments>
<msg timestamp="20200716 14:58:21.751" level="INFO">Slept 3 seconds</msg>
<status status="PASS" starttime="20200716 14:58:18.750" endtime="20200716 14:58:21.751"></status>
</kw>
<status status="PASS" starttime="20200716 14:58:18.552" endtime="20200716 14:58:21.751"></status>
</kw>
<kw name="Applicant Birth month" library="ch_1_personal_details_executive">
<kw name="Evaluate" library="BuiltIn">
<doc>Evaluates the given expression in Python and returns the result.</doc>
<arguments>
<arg>random.randint(1,12)</arg>
<arg>random</arg>
</arguments>
<assign>
<var>${month_int}</var>
</assign>
<msg timestamp="20200716 14:58:21.753" level="INFO">${month_int} = 6</msg>
<status status="PASS" starttime="20200716 14:58:21.752" endtime="20200716 14:58:21.753"></status>
</kw>
<kw name="Convert To String" library="BuiltIn">
<doc>Converts the given item to a Unicode string.</doc>
<arguments>
<arg>${month_int}</arg>
</arguments>
<assign>
<var>${month}</var>
</assign>
<msg timestamp="20200716 14:58:21.753" level="INFO">${month} = 6</msg>
<status status="PASS" starttime="20200716 14:58:21.753" endtime="20200716 14:58:21.753"></status>
</kw>
<kw name="Input Text" library="Selenium2Library">
<doc>Types the given ``text`` into the text field identified by ``locator``.</doc>
<arguments>
<arg>xpath=//*[@id="personal-details-section"]/div[3]/div[2]/div[6]/section/div/div[2]/div/input</arg>
<arg>${month}</arg>
</arguments>
<msg timestamp="20200716 14:58:21.754" level="INFO">Typing text '6' into text field 'xpath=//*[@id="personal-details-section"]/div[3]/div[2]/div[6]/section/div/div[2]/div/input'.</msg>
<status status="PASS" starttime="20200716 14:58:21.754" endtime="20200716 14:58:21.922"></status>
</kw>
<kw name="Sleep" library="BuiltIn">
<doc>Pauses the test executed for the given time.</doc>
<arguments>
<arg>3</arg>
</arguments>
<msg timestamp="20200716 14:58:24.924" level="INFO">Slept 3 seconds</msg>
<status status="PASS" starttime="20200716 14:58:21.923" endtime="20200716 14:58:24.924"></status>
</kw>
<status status="PASS" starttime="20200716 14:58:21.752" endtime="20200716 14:58:24.924"></status>
</kw>
<kw name="Applicant Birth year" library="ch_1_personal_details_executive">
<kw name="Evaluate" library="BuiltIn">
<doc>Evaluates the given expression in Python and returns the result.</doc>
<arguments>
<arg>random.randint(1980,2000)</arg>
<arg>random</arg>
</arguments>
<assign>
<var>${year_int}</var>
</assign>
<msg timestamp="20200716 14:58:24.925" level="INFO">${year_int} = 1980</msg>
<status status="PASS" starttime="20200716 14:58:24.925" endtime="20200716 14:58:24.925"></status>
</kw>
<kw name="Convert To String" library="BuiltIn">
<doc>Converts the given item to a Unicode string.</doc>
<arguments>
<arg>${year_int}</arg>
</arguments>
<assign>
<var>${year}</var>
</assign>
<msg timestamp="20200716 14:58:24.926" level="INFO">${year} = 1980</msg>
<status status="PASS" starttime="20200716 14:58:24.926" endtime="20200716 14:58:24.926"></status>
</kw>
<kw name="Input Text" library="Selenium2Library">
<doc>Types the given ``text`` into the text field identified by ``locator``.</doc>
<arguments>
<arg>xpath=//*[@id="personal-details-section"]/div[3]/div[2]/div[6]/section/div/div[3]/div/input</arg>
<arg>${year}</arg>
</arguments>
<msg timestamp="20200716 14:58:24.927" level="INFO">Typing text '1980' into text field 'xpath=//*[@id="personal-details-section"]/div[3]/div[2]/div[6]/section/div/div[3]/div/input'.</msg>
<status status="PASS" starttime="20200716 14:58:24.926" endtime="20200716 14:58:25.191"></status>
</kw>
<kw name="Sleep" library="BuiltIn">
<doc>Pauses the test executed for the given time.</doc>
<arguments>
<arg>3</arg>
</arguments>
<msg timestamp="20200716 14:58:28.192" level="INFO">Slept 3 seconds</msg>
<status status="PASS" starttime="20200716 14:58:25.192" endtime="20200716 14:58:28.192"></status>
</kw>
<status status="PASS" starttime="20200716 14:58:24.925" endtime="20200716 14:58:28.192"></status>
</kw>
<status status="PASS" starttime="20200716 14:57:53.423" endtime="20200716 14:58:28.192"></status>
</kw>
<kw name="And user enter Contact Details">
<kw name="Check if the form is Visible Cotact" library="ch_2_contact_details">
<kw name="Element Should Contain" library="Selenium2Library">
<doc>Verifies that element ``locator`` contains text ``expected``.</doc>
<arguments>
<arg>xpath=//*[@id="personal-details-section-header"]</arg>
<arg>Personal Details</arg>
</arguments>
<msg timestamp="20200716 14:58:28.234" level="INFO">Element 'xpath=//*[@id="personal-details-section-header"]' contains text 'Personal Details'.</msg>
<status status="PASS" starttime="20200716 14:58:28.195" endtime="20200716 14:58:28.234"></status>
</kw>
<status status="PASS" starttime="20200716 14:58:28.194" endtime="20200716 14:58:28.235"></status>
</kw>
<kw name="Enter Email Address" library="ch_2_contact_details">
<kw name="Email" library="FakerLibrary">
<assign>
<var>${email}</var>
</assign>
<msg timestamp="20200716 14:58:28.236" level="INFO">${email} = palmerjason@gmail.com</msg>
<status status="PASS" starttime="20200716 14:58:28.235" endtime="20200716 14:58:28.236"></status>
</kw>
<kw name="Input Text" library="Selenium2Library">
<doc>Types the given ``text`` into the text field identified by ``locator``.</doc>
<arguments>
<arg>xpath=//*[@id="contact-details-section"]/div[2]/div[1]/div/input</arg>
<arg>${email}</arg>
</arguments>
<msg timestamp="20200716 14:58:28.237" level="INFO">Typing text 'palmerjason@gmail.com' into text field 'xpath=//*[@id="contact-details-section"]/div[2]/div[1]/div/input'.</msg>
<status status="PASS" starttime="20200716 14:58:28.236" endtime="20200716 14:58:29.003"></status>
</kw>
<status status="PASS" starttime="20200716 14:58:28.235" endtime="20200716 14:58:29.003"></status>
</kw>
<kw name="Enter Mobile Number" library="ch_2_contact_details">
<kw name="Random Number" library="FakerLibrary">
<doc>Generate a random integer according to the following rules:</doc>
<arguments>
<arg>9</arg>
</arguments>
<assign>
<var>${phone}</var>
</assign>
<msg timestamp="20200716 14:58:29.005" level="INFO">${phone} = 472132960</msg>
<status status="PASS" starttime="20200716 14:58:29.004" endtime="20200716 14:58:29.005"></status>
</kw>
<kw name="Input Text" library="Selenium2Library">
<doc>Types the given ``text`` into the text field identified by ``locator``.</doc>
<arguments>
<arg>xpath=//*[@id="contact-details-section"]/div[2]/div[2]/div/input</arg>
<arg>${phone}</arg>
</arguments>
<msg timestamp="20200716 14:58:29.005" level="INFO">Typing text '472132960' into text field 'xpath=//*[@id="contact-details-section"]/div[2]/div[2]/div/input'.</msg>
<status status="PASS" starttime="20200716 14:58:29.005" endtime="20200716 14:58:29.380"></status>
</kw>
<status status="PASS" starttime="20200716 14:58:29.004" endtime="20200716 14:58:29.381"></status>
</kw>
<status status="PASS" starttime="20200716 14:58:28.194" endtime="20200716 14:58:29.381"></status>
</kw>
<kw name="And user enter Date of Birth">
<kw name="Check if the form is Visible DOB" library="ch_3_date_of_birth">
<kw name="Element Should Contain" library="Selenium2Library">
<doc>Verifies that element ``locator`` contains text ``expected``.</doc>
<arguments>
<arg>xpath=//*[@id="birth-date-section-header"]</arg>
<arg>Date of Birth</arg>
</arguments>
<msg timestamp="20200716 14:58:29.422" level="INFO">Element 'xpath=//*[@id="birth-date-section-header"]' contains text 'Date of Birth'.</msg>
<status status="PASS" starttime="20200716 14:58:29.383" endtime="20200716 14:58:29.422"></status>
</kw>
<status status="PASS" starttime="20200716 14:58:29.383" endtime="20200716 14:58:29.423"></status>
</kw>
<kw name="Applicant Birth day 2" library="ch_3_date_of_birth">
<kw name="Evaluate" library="BuiltIn">
<doc>Evaluates the given expression in Python and returns the result.</doc>
<arguments>
<arg>random.randint(1,31)</arg>
<arg>random</arg>
</arguments>
<assign>
<var>${day_int_2}</var>
</assign>
<msg timestamp="20200716 14:58:29.424" level="INFO">${day_int_2} = 7</msg>
<status status="PASS" starttime="20200716 14:58:29.423" endtime="20200716 14:58:29.424"></status>
</kw>
<kw name="Convert To String" library="BuiltIn">
<doc>Converts the given item to a Unicode string.</doc>
<arguments>
<arg>${day_int_2}</arg>
</arguments>
<assign>
<var>${day_2}</var>
</assign>
<msg timestamp="20200716 14:58:29.424" level="INFO">${day_2} = 7</msg>
<status status="PASS" starttime="20200716 14:58:29.424" endtime="20200716 14:58:29.424"></status>
</kw>
<kw name="Input Text" library="Selenium2Library">
<doc>Types the given ``text`` into the text field identified by ``locator``.</doc>
<arguments>
<arg>xpath=//*[@id="birth-date-section"]/div[2]/div[1]/section/div/div[1]/div/input</arg>
<arg>${day_2}</arg>
</arguments>
<msg timestamp="20200716 14:58:29.425" level="INFO">Typing text '7' into text field 'xpath=//*[@id="birth-date-section"]/div[2]/div[1]/section/div/div[1]/div/input'.</msg>
<status status="PASS" starttime="20200716 14:58:29.425" endtime="20200716 14:58:29.619"></status>
</kw>
<status status="PASS" starttime="20200716 14:58:29.423" endtime="20200716 14:58:29.619"></status>
</kw>
<kw name="Applicant Birth month 2" library="ch_3_date_of_birth">
<kw name="Evaluate" library="BuiltIn">
<doc>Evaluates the given expression in Python and returns the result.</doc>
<arguments>
<arg>random.randint(1,12)</arg>
<arg>random</arg>
</arguments>
<assign>
<var>${month_int_2}</var>
</assign>
<msg timestamp="20200716 14:58:29.621" level="INFO">${month_int_2} = 10</msg>
<status status="PASS" starttime="20200716 14:58:29.621" endtime="20200716 14:58:29.621"></status>
</kw>
<kw name="Convert To String" library="BuiltIn">
<doc>Converts the given item to a Unicode string.</doc>
<arguments>
<arg>${month_int_2}</arg>
</arguments>
<assign>
<var>${month_2}</var>
</assign>
<msg timestamp="20200716 14:58:29.622" level="INFO">${month_2} = 10</msg>
<status status="PASS" starttime="20200716 14:58:29.622" endtime="20200716 14:58:29.622"></status>
</kw>
<kw name="Input Text" library="Selenium2Library">
<doc>Types the given ``text`` into the text field identified by ``locator``.</doc>
<arguments>
<arg>xpath=//*[@id="birth-date-section"]/div[2]/div[1]/section/div/div[2]/div/input</arg>
<arg>${month_2}</arg>
</arguments>
<msg timestamp="20200716 14:58:29.624" level="INFO">Typing text '10' into text field 'xpath=//*[@id="birth-date-section"]/div[2]/div[1]/section/div/div[2]/div/input'.</msg>
<status status="PASS" starttime="20200716 14:58:29.623" endtime="20200716 14:58:29.927"></status>
</kw>
<status status="PASS" starttime="20200716 14:58:29.620" endtime="20200716 14:58:29.928"></status>
</kw>
<kw name="Applicant Birth year 2" library="ch_3_date_of_birth">
<kw name="Evaluate" library="BuiltIn">
<doc>Evaluates the given expression in Python and returns the result.</doc>
<arguments>
<arg>random.randint(1980,2000)</arg>
<arg>random</arg>
</arguments>
<assign>
<var>${year_int_2}</var>
</assign>
<msg timestamp="20200716 14:58:29.931" level="INFO">${year_int_2} = 1999</msg>
<status status="PASS" starttime="20200716 14:58:29.930" endtime="20200716 14:58:29.931"></status>
</kw>
<kw name="Convert To String" library="BuiltIn">
<doc>Converts the given item to a Unicode string.</doc>
<arguments>
<arg>${year_int_2}</arg>
</arguments>
<assign>
<var>${year_2}</var>
</assign>
<msg timestamp="20200716 14:58:29.931" level="INFO">${year_2} = 1999</msg>
<status status="PASS" starttime="20200716 14:58:29.931" endtime="20200716 14:58:29.931"></status>
</kw>
<kw name="Input Text" library="Selenium2Library">
<doc>Types the given ``text`` into the text field identified by ``locator``.</doc>
<arguments>
<arg>xpath=//*[@id="birth-date-section"]/div[2]/div[1]/section/div/div[3]/div/input</arg>
<arg>${year_2}</arg>
</arguments>
<msg timestamp="20200716 14:58:29.932" level="INFO">Typing text '1999' into text field 'xpath=//*[@id="birth-date-section"]/div[2]/div[1]/section/div/div[3]/div/input'.</msg>
<status status="PASS" starttime="20200716 14:58:29.932" endtime="20200716 14:58:30.250"></status>
</kw>
<status status="PASS" starttime="20200716 14:58:29.928" endtime="20200716 14:58:30.250"></status>
</kw>
<kw name="Select Country of Birth" library="ch_3_date_of_birth">
<kw name="Evaluate" library="BuiltIn">
<doc>Evaluates the given expression in Python and returns the result.</doc>
<arguments>
<arg>random.randint(1,250)</arg>
<arg>random</arg>
</arguments>
<assign>
<var>${country_birth}</var>
</assign>
<msg timestamp="20200716 14:58:30.252" level="INFO">${country_birth} = 121</msg>
<status status="PASS" starttime="20200716 14:58:30.251" endtime="20200716 14:58:30.252"></status>
</kw>
<kw name="Click Element" library="Selenium2Library">
<doc>Click the element identified by ``locator``.</doc>
<arguments>
<arg>xpath=//*[@id="birth-date-section"]/div[2]/div[2]/div/div[1]/input</arg>
</arguments>
<msg timestamp="20200716 14:58:30.253" level="INFO">Clicking element 'xpath=//*[@id="birth-date-section"]/div[2]/div[2]/div/div[1]/input'.</msg>
<status status="PASS" starttime="20200716 14:58:30.253" endtime="20200716 14:58:30.491"></status>
</kw>
<kw name="Sleep" library="BuiltIn">
<doc>Pauses the test executed for the given time.</doc>
<arguments>
<arg>2</arg>
</arguments>
<msg timestamp="20200716 14:58:32.492" level="INFO">Slept 2 seconds</msg>
<status status="PASS" starttime="20200716 14:58:30.492" endtime="20200716 14:58:32.492"></status>
</kw>
<kw name="Click Element" library="Selenium2Library">
<doc>Click the element identified by ``locator``.</doc>
<arguments>
<arg>xpath=//*[@id="birth-date-section"]/div[2]/div[2]/div/div[2]/div[1]/div[1]/ul/li[${country_birth}]</arg>
</arguments>
<msg timestamp="20200716 14:58:32.493" level="INFO">Clicking element 'xpath=//*[@id="birth-date-section"]/div[2]/div[2]/div/div[2]/div[1]/div[1]/ul/li[121]'.</msg>
<status status="PASS" starttime="20200716 14:58:32.492" endtime="20200716 14:58:32.636"></status>
</kw>
<kw name="Sleep" library="BuiltIn">
<doc>Pauses the test executed for the given time.</doc>
<arguments>
<arg>2</arg>
</arguments>
<msg timestamp="20200716 14:58:34.638" level="INFO">Slept 2 seconds</msg>
<status status="PASS" starttime="20200716 14:58:32.636" endtime="20200716 14:58:34.638"></status>
</kw>
<status status="PASS" starttime="20200716 14:58:30.251" endtime="20200716 14:58:34.638"></status>
</kw>
<kw name="Enter City of Birth" library="ch_3_date_of_birth">
<kw name="City" library="FakerLibrary">
<doc>:example 'Sashabury'</doc>
<assign>
<var>${city}</var>
</assign>
<msg timestamp="20200716 14:58:34.640" level="INFO">${city} = Chelseachester</msg>
<status status="PASS" starttime="20200716 14:58:34.639" endtime="20200716 14:58:34.640"></status>
</kw>
<kw name="Input Text" library="Selenium2Library">
<doc>Types the given ``text`` into the text field identified by ``locator``.</doc>
<arguments>
<arg>xpath=//*[@id="birth-date-section"]/div[2]/div[3]/div/input</arg>
<arg>${city}</arg>
</arguments>
<msg timestamp="20200716 14:58:34.641" level="INFO">Typing text 'Chelseachester' into text field 'xpath=//*[@id="birth-date-section"]/div[2]/div[3]/div/input'.</msg>
<status status="PASS" starttime="20200716 14:58:34.640" endtime="20200716 14:58:35.300"></status>
</kw>
<status status="PASS" starttime="20200716 14:58:34.639" endtime="20200716 14:58:35.300"></status>
</kw>
<status status="PASS" starttime="20200716 14:58:29.382" endtime="20200716 14:58:35.300"></status>
</kw>
<kw name="And user enter Passport">
<kw name="Check if the form is Visible Passport" library="ch_4_passport">
<kw name="Element Should Contain" library="Selenium2Library">
<doc>Verifies that element ``locator`` contains text ``expected``.</doc>
<arguments>
<arg>xpath=//*[@id="passport-section-header-section"]</arg>
<arg>Passport</arg>
</arguments>
<msg timestamp="20200716 14:58:35.342" level="INFO">Element 'xpath=//*[@id="passport-section-header-section"]' contains text 'Passport'.</msg>
<status status="PASS" starttime="20200716 14:58:35.302" endtime="20200716 14:58:35.342"></status>
</kw>
<status status="PASS" starttime="20200716 14:58:35.302" endtime="20200716 14:58:35.342"></status>
</kw>
<kw name="Select Yes Passport" library="ch_4_passport">
<kw name="Click Element" library="Selenium2Library">
<doc>Click the element identified by ``locator``.</doc>
<arguments>
<arg>xpath=//*[@id="passport-section"]/div[2]/div[1]/div/div/label[1]</arg>
</arguments>
<msg timestamp="20200716 14:58:35.343" level="INFO">Clicking element 'xpath=//*[@id="passport-section"]/div[2]/div[1]/div/div/label[1]'.</msg>
<status status="PASS" starttime="20200716 14:58:35.343" endtime="20200716 14:58:35.656"></status>
</kw>
<status status="PASS" starttime="20200716 14:58:35.342" endtime="20200716 14:58:35.657"></status>
</kw>
<kw name="Enter Passport Number" library="ch_4_passport">
<kw name="Random Number" library="FakerLibrary">
<doc>Generate a random integer according to the following rules:</doc>
<arguments>
<arg>15</arg>
</arguments>
<assign>
<var>${passport_number}</var>
</assign>
<msg timestamp="20200716 14:58:35.661" level="INFO">${passport_number} = 284932097753803</msg>
<status status="PASS" starttime="20200716 14:58:35.659" endtime="20200716 14:58:35.661"></status>
</kw>
<kw name="Input Text" library="Selenium2Library">
<doc>Types the given ``text`` into the text field identified by ``locator``.</doc>
<arguments>
<arg>xpath=//*[@id="passport-section"]/div[2]/div[2]/div[1]/div/input</arg>
<arg>${passport_number}</arg>
</arguments>
<msg timestamp="20200716 14:58:35.663" level="INFO">Typing text '284932097753803' into text field 'xpath=//*[@id="passport-section"]/div[2]/div[2]/div[1]/div/input'.</msg>
<status status="PASS" starttime="20200716 14:58:35.662" endtime="20200716 14:58:36.498"></status>
</kw>
<status status="PASS" starttime="20200716 14:58:35.657" endtime="20200716 14:58:36.498"></status>
</kw>
<kw name="Select Passport Country of Issue" library="ch_4_passport">
<kw name="Evaluate" library="BuiltIn">
<doc>Evaluates the given expression in Python and returns the result.</doc>
<arguments>
<arg>random.randint(1,250)</arg>
<arg>random</arg>
</arguments>
<assign>
<var>${passport_country}</var>
</assign>
<msg timestamp="20200716 14:58:36.500" level="INFO">${passport_country} = 88</msg>
<status status="PASS" starttime="20200716 14:58:36.499" endtime="20200716 14:58:36.500"></status>
</kw>
<kw name="Click Element" library="Selenium2Library">
<doc>Click the element identified by ``locator``.</doc>
<arguments>
<arg>xpath=//*[@id="passport-section"]/div[2]/div[2]/div[2]/div/div[1]/input</arg>
</arguments>
<msg timestamp="20200716 14:58:36.500" level="INFO">Clicking element 'xpath=//*[@id="passport-section"]/div[2]/div[2]/div[2]/div/div[1]/input'.</msg>
<status status="PASS" starttime="20200716 14:58:36.500" endtime="20200716 14:58:36.716"></status>
</kw>
<kw name="Sleep" library="BuiltIn">
<doc>Pauses the test executed for the given time.</doc>
<arguments>
<arg>2</arg>
</arguments>
<msg timestamp="20200716 14:58:38.717" level="INFO">Slept 2 seconds</msg>
<status status="PASS" starttime="20200716 14:58:36.717" endtime="20200716 14:58:38.717"></status>
</kw>
<kw name="Click Element" library="Selenium2Library">
<doc>Click the element identified by ``locator``.</doc>
<arguments>
<arg>xpath=//*[@id="passport-section"]/div[2]/div[2]/div[2]/div/div[2]/div[1]/div[1]/ul/li[${passport_country}]</arg>
</arguments>
<msg timestamp="20200716 14:58:38.718" level="INFO">Clicking element 'xpath=//*[@id="passport-section"]/div[2]/div[2]/div[2]/div/div[2]/div[1]/div[1]/ul/li[88]'.</msg>
<status status="PASS" starttime="20200716 14:58:38.717" endtime="20200716 14:58:38.858"></status>
</kw>
<kw name="Sleep" library="BuiltIn">
<doc>Pauses the test executed for the given time.</doc>
<arguments>
<arg>2</arg>
</arguments>
<msg timestamp="20200716 14:58:40.861" level="INFO">Slept 2 seconds</msg>
<status status="PASS" starttime="20200716 14:58:38.859" endtime="20200716 14:58:40.861"></status>
</kw>
<status status="PASS" starttime="20200716 14:58:36.499" endtime="20200716 14:58:40.861"></status>
</kw>
<status status="PASS" starttime="20200716 14:58:35.301" endtime="20200716 14:58:40.861"></status>
</kw>
<kw name="And user enter Drivers Licence">
<kw name="Check if the form is Visible Drivers" library="ch_5_drivers_licence">
<kw name="Element Should Contain" library="Selenium2Library">
<doc>Verifies that element ``locator`` contains text ``expected``.</doc>
<arguments>
<arg>xpath=//*[@id="drivers-licence-header"]</arg>
<arg>Driver's Licence</arg>
</arguments>
<msg timestamp="20200716 14:58:40.901" level="INFO">Element 'xpath=//*[@id="drivers-licence-header"]' contains text 'Driver's Licence'.</msg>
<status status="PASS" starttime="20200716 14:58:40.864" endtime="20200716 14:58:40.902"></status>
</kw>
<status status="PASS" starttime="20200716 14:58:40.864" endtime="20200716 14:58:40.902"></status>
</kw>
<kw name="Select Yes Drivers" library="ch_5_drivers_licence">
<kw name="Click Element" library="Selenium2Library">
<doc>Click the element identified by ``locator``.</doc>
<arguments>
<arg>xpath=//*[@id="drivers-licence-section"]/div[2]/div/div/div/label[1]</arg>
</arguments>
<msg timestamp="20200716 14:58:40.903" level="INFO">Clicking element 'xpath=//*[@id="drivers-licence-section"]/div[2]/div/div/div/label[1]'.</msg>
<status status="PASS" starttime="20200716 14:58:40.903" endtime="20200716 14:58:41.007"></status>
</kw>
<status status="PASS" starttime="20200716 14:58:40.902" endtime="20200716 14:58:41.007"></status>
</kw>
<kw name="Enter Drivers Licence" library="ch_5_drivers_licence">
<kw name="Random Number" library="FakerLibrary">
<doc>Generate a random integer according to the following rules:</doc>
<arguments>
<arg>10</arg>
</arguments>
<assign>
<var>${licence_number}</var>
</assign>
<msg timestamp="20200716 14:58:41.009" level="INFO">${licence_number} = 5305878588</msg>
<status status="PASS" starttime="20200716 14:58:41.008" endtime="20200716 14:58:41.009"></status>
</kw>
<kw name="Input Text" library="Selenium2Library">
<doc>Types the given ``text`` into the text field identified by ``locator``.</doc>
<arguments>
<arg>xpath=//*[@id="drivers-licence-section"]/div[2]/div[2]/div[1]/div/input</arg>
<arg>${licence_number}</arg>
</arguments>
<msg timestamp="20200716 14:58:41.012" level="INFO">Typing text '5305878588' into text field 'xpath=//*[@id="drivers-licence-section"]/div[2]/div[2]/div[1]/div/input'.</msg>
<status status="PASS" starttime="20200716 14:58:41.011" endtime="20200716 14:58:41.467"></status>
</kw>
<status status="PASS" starttime="20200716 14:58:41.008" endtime="20200716 14:58:41.467"></status>
</kw>
<kw name="Select State of Issue" library="ch_5_drivers_licence">
<kw name="Evaluate" library="BuiltIn">
<doc>Evaluates the given expression in Python and returns the result.</doc>
<arguments>
<arg>random.randint(2,9)</arg>
<arg>random</arg>
</arguments>
<assign>
<var>${passport_country}</var>
</assign>
<msg timestamp="20200716 14:58:41.468" level="INFO">${passport_country} = 5</msg>
<status status="PASS" starttime="20200716 14:58:41.468" endtime="20200716 14:58:41.468"></status>
</kw>
<kw name="Click Element" library="Selenium2Library">
<doc>Click the element identified by ``locator``.</doc>
<arguments>
<arg>xpath=//*[@id="drivers-licence-section"]/div[2]/div[2]/div[2]/div/div[1]/input</arg>
</arguments>
<msg timestamp="20200716 14:58:41.469" level="INFO">Clicking element 'xpath=//*[@id="drivers-licence-section"]/div[2]/div[2]/div[2]/div/div[1]/input'.</msg>
<status status="PASS" starttime="20200716 14:58:41.469" endtime="20200716 14:58:41.622"></status>
</kw>
<kw name="Sleep" library="BuiltIn">
<doc>Pauses the test executed for the given time.</doc>
<arguments>
<arg>2</arg>
</arguments>
<msg timestamp="20200716 14:58:43.623" level="INFO">Slept 2 seconds</msg>
<status status="PASS" starttime="20200716 14:58:41.622" endtime="20200716 14:58:43.623"></status>
</kw>
<kw name="Click Element" library="Selenium2Library">
<doc>Click the element identified by ``locator``.</doc>
<arguments>
<arg>xpath=//*[@id="drivers-licence-section"]/div[2]/div[2]/div[2]/div/div[2]/div[1]/div[1]/ul/li[${passport_country}]</arg>
</arguments>
<msg timestamp="20200716 14:58:43.624" level="INFO">Clicking element 'xpath=//*[@id="drivers-licence-section"]/div[2]/div[2]/div[2]/div/div[2]/div[1]/div[1]/ul/li[5]'.</msg>
<status status="PASS" starttime="20200716 14:58:43.623" endtime="20200716 14:58:43.730"></status>
</kw>
<kw name="Sleep" library="BuiltIn">
<doc>Pauses the test executed for the given time.</doc>
<arguments>
<arg>2</arg>
</arguments>
<msg timestamp="20200716 14:58:45.732" level="INFO">Slept 2 seconds</msg>
<status status="PASS" starttime="20200716 14:58:43.731" endtime="20200716 14:58:45.732"></status>
</kw>
<status status="PASS" starttime="20200716 14:58:41.468" endtime="20200716 14:58:45.732"></status>
</kw>
<status status="PASS" starttime="20200716 14:58:40.863" endtime="20200716 14:58:45.733"></status>
</kw>
<kw name="And user enter Firearm Licence">
<kw name="Check if the form is Visible Firearms" library="ch_6_fireams_licence">
<kw name="Element Should Contain" library="Selenium2Library">
<doc>Verifies that element ``locator`` contains text ``expected``.</doc>
<arguments>
<arg>xpath=//*[@id="firearm-section-header"]</arg>
<arg>Firearm Licence</arg>
</arguments>
<msg timestamp="20200716 14:58:45.773" level="INFO">Element 'xpath=//*[@id="firearm-section-header"]' contains text 'Firearm Licence'.</msg>
<status status="PASS" starttime="20200716 14:58:45.736" endtime="20200716 14:58:45.773"></status>
</kw>
<status status="PASS" starttime="20200716 14:58:45.735" endtime="20200716 14:58:45.774"></status>
</kw>
<kw name="Select Yes Licence" library="ch_6_fireams_licence">
<kw name="Click Element" library="Selenium2Library">
<doc>Click the element identified by ``locator``.</doc>
<arguments>
<arg>xpath=//*[@id="firearm-section"]/div[2]/div[1]/div/div/label[1]</arg>
</arguments>
<msg timestamp="20200716 14:58:45.775" level="INFO">Clicking element 'xpath=//*[@id="firearm-section"]/div[2]/div[1]/div/div/label[1]'.</msg>
<status status="PASS" starttime="20200716 14:58:45.774" endtime="20200716 14:58:46.094"></status>
</kw>
<status status="PASS" starttime="20200716 14:58:45.774" endtime="20200716 14:58:46.095"></status>
</kw>
<kw name="Enter Firearms Licence" library="ch_6_fireams_licence">
<kw name="Random Number" library="FakerLibrary">
<doc>Generate a random integer according to the following rules:</doc>
<arguments>
<arg>10</arg>
</arguments>
<assign>
<var>${licence_number}</var>
</assign>
<msg timestamp="20200716 14:58:46.098" level="INFO">${licence_number} = 8222043742</msg>
<status status="PASS" starttime="20200716 14:58:46.097" endtime="20200716 14:58:46.099"></status>
</kw>
<kw name="Input Text" library="Selenium2Library">
<doc>Types the given ``text`` into the text field identified by ``locator``.</doc>
<arguments>
<arg>xpath=//*[@id="firearm-section"]/div[2]/div[2]/div[1]/div/input</arg>
<arg>${licence_number}</arg>
</arguments>
<msg timestamp="20200716 14:58:46.101" level="INFO">Typing text '8222043742' into text field 'xpath=//*[@id="firearm-section"]/div[2]/div[2]/div[1]/div/input'.</msg>
<status status="PASS" starttime="20200716 14:58:46.100" endtime="20200716 14:58:46.726"></status>
</kw>
<status status="PASS" starttime="20200716 14:58:46.095" endtime="20200716 14:58:46.727"></status>
</kw>
<kw name="Select Country of Issue" library="ch_6_fireams_licence">
<kw name="Evaluate" library="BuiltIn">
<doc>Evaluates the given expression in Python and returns the result.</doc>
<arguments>
<arg>random.randint(2,9)</arg>
<arg>random</arg>
</arguments>
<assign>
<var>${firearms_country}</var>
</assign>
<msg timestamp="20200716 14:58:46.729" level="INFO">${firearms_country} = 6</msg>
<status status="PASS" starttime="20200716 14:58:46.728" endtime="20200716 14:58:46.729"></status>
</kw>
<kw name="Click Element" library="Selenium2Library">
<doc>Click the element identified by ``locator``.</doc>
<arguments>
<arg>xpath=//*[@id="firearm-section"]/div[2]/div[2]/div[2]/div/div[1]/input</arg>
</arguments>
<msg timestamp="20200716 14:58:46.729" level="INFO">Clicking element 'xpath=//*[@id="firearm-section"]/div[2]/div[2]/div[2]/div/div[1]/input'.</msg>
<status status="PASS" starttime="20200716 14:58:46.729" endtime="20200716 14:58:46.981"></status>
</kw>
<kw name="Sleep" library="BuiltIn">
<doc>Pauses the test executed for the given time.</doc>
<arguments>
<arg>5</arg>
</arguments>
<msg timestamp="20200716 14:58:51.983" level="INFO">Slept 5 seconds</msg>
<status status="PASS" starttime="20200716 14:58:46.982" endtime="20200716 14:58:51.983"></status>
</kw>
<kw name="Click Element" library="Selenium2Library">
<doc>Click the element identified by ``locator``.</doc>
<arguments>
<arg>xpath=//*[@id="firearm-section"]/div[2]/div[2]/div[2]/div/div[2]/div[1]/div[1]/ul/li[${firearms_country}]</arg>
</arguments>
<msg timestamp="20200716 14:58:51.984" level="INFO">Clicking element 'xpath=//*[@id="firearm-section"]/div[2]/div[2]/div[2]/div/div[2]/div[1]/div[1]/ul/li[6]'.</msg>
<status status="PASS" starttime="20200716 14:58:51.983" endtime="20200716 14:58:52.151"></status>
</kw>
<kw name="Sleep" library="BuiltIn">
<doc>Pauses the test executed for the given time.</doc>
<arguments>
<arg>2</arg>
</arguments>
<msg timestamp="20200716 14:58:54.154" level="INFO">Slept 2 seconds</msg>
<status status="PASS" starttime="20200716 14:58:52.151" endtime="20200716 14:58:54.154"></status>
</kw>
<status status="PASS" starttime="20200716 14:58:46.727" endtime="20200716 14:58:54.154"></status>
</kw>
<status status="PASS" starttime="20200716 14:58:45.734" endtime="20200716 14:58:54.154"></status>
</kw>
<kw name="And user enter Current Residential Address">
<kw name="Check if the form is Visible Residential" library="ch_7_current_residential_address">
<kw name="Element Should Contain" library="Selenium2Library">
<doc>Verifies that element ``locator`` contains text ``expected``.</doc>
<arguments>
<arg>xpath=//*[@id="current-residential-address-section-header"]</arg>
<arg>Current Residential Address</arg>
</arguments>
<msg timestamp="20200716 14:58:54.198" level="INFO">Element 'xpath=//*[@id="current-residential-address-section-header"]' contains text 'Current Residential Address'.</msg>
<status status="PASS" starttime="20200716 14:58:54.158" endtime="20200716 14:58:54.198"></status>
</kw>
<status status="PASS" starttime="20200716 14:58:54.157" endtime="20200716 14:58:54.199"></status>
</kw>
<kw name="Enter Residential Unit Number" library="ch_7_current_residential_address">
<kw name="Random Number" library="FakerLibrary">
<doc>Generate a random integer according to the following rules:</doc>
<arguments>
<arg>5</arg>
</arguments>
<assign>
<var>${unit_number}</var>
</assign>
<msg timestamp="20200716 14:58:54.200" level="INFO">${unit_number} = 49279</msg>
<status status="PASS" starttime="20200716 14:58:54.199" endtime="20200716 14:58:54.200"></status>
</kw>
<kw name="Input Text" library="Selenium2Library">
<doc>Types the given ``text`` into the text field identified by ``locator``.</doc>
<arguments>
<arg>xpath=//*[@id="residential-address-section"]/div[2]/div[1]/div/input</arg>
<arg>${unit_number}</arg>
</arguments>
<msg timestamp="20200716 14:58:54.200" level="INFO">Typing text '49279' into text field 'xpath=//*[@id="residential-address-section"]/div[2]/div[1]/div/input'.</msg>
<status status="PASS" starttime="20200716 14:58:54.200" endtime="20200716 14:58:55.221"></status>
</kw>
<kw name="Sleep" library="BuiltIn">
<doc>Pauses the test executed for the given time.</doc>
<arguments>
<arg>2</arg>
</arguments>
<msg timestamp="20200716 14:58:57.222" level="INFO">Slept 2 seconds</msg>
<status status="PASS" starttime="20200716 14:58:55.221" endtime="20200716 14:58:57.222"></status>
</kw>
<status status="PASS" starttime="20200716 14:58:54.199" endtime="20200716 14:58:57.222"></status>
</kw>
<kw name="Enter Residential Street Number" library="ch_7_current_residential_address">
<kw name="Random Number" library="FakerLibrary">
<doc>Generate a random integer according to the following rules:</doc>
<arguments>
<arg>5</arg>
</arguments>
<assign>
<var>${street_number}</var>
</assign>
<msg timestamp="20200716 14:58:57.224" level="INFO">${street_number} = 72849</msg>
<status status="PASS" starttime="20200716 14:58:57.223" endtime="20200716 14:58:57.224"></status>
</kw>
<kw name="Input Text" library="Selenium2Library">
<doc>Types the given ``text`` into the text field identified by ``locator``.</doc>
<arguments>
<arg>xpath=/html/body/div/div[2]/div/div/div[2]/div/div/div/div/div/div/div[2]/div/div[2]/div[8]/div[2]/div[2]/div/input</arg>
<arg>${street_number}</arg>
</arguments>
<msg timestamp="20200716 14:58:57.224" level="INFO">Typing text '72849' into text field 'xpath=/html/body/div/div[2]/div/div/div[2]/div/div/div/div/div/div/div[2]/div/div[2]/div[8]/div[2]/div[2]/div/input'.</msg>
<status status="PASS" starttime="20200716 14:58:57.224" endtime="20200716 14:58:58.003"></status>
</kw>
<kw name="Sleep" library="BuiltIn">
<doc>Pauses the test executed for the given time.</doc>
<arguments>
<arg>2</arg>
</arguments>
<msg timestamp="20200716 14:59:00.006" level="INFO">Slept 2 seconds</msg>
<status status="PASS" starttime="20200716 14:58:58.004" endtime="20200716 14:59:00.006"></status>
</kw>
<status status="PASS" starttime="20200716 14:58:57.223" endtime="20200716 14:59:00.007"></status>
</kw>
<kw name="Enter Residential Street Name" library="ch_7_current_residential_address">
<kw name="Street Name" library="FakerLibrary">
<doc>:example 'Crist Parks'</doc>
<assign>
<var>${street_name}</var>
</assign>
<msg timestamp="20200716 14:59:00.009" level="INFO">${street_name} = Michael Circles</msg>
<status status="PASS" starttime="20200716 14:59:00.008" endtime="20200716 14:59:00.009"></status>
</kw>
<kw name="Input Text" library="Selenium2Library">
<doc>Types the given ``text`` into the text field identified by ``locator``.</doc>
<arguments>
<arg>xpath=/html/body/div/div[2]/div/div/div[2]/div/div/div/div/div/div/div[2]/div/div[2]/div[8]/div[2]/div[3]/div/input</arg>
<arg>${street_name}</arg>
</arguments>
<msg timestamp="20200716 14:59:00.010" level="INFO">Typing text 'Michael Circles' into text field 'xpath=/html/body/div/div[2]/div/div/div[2]/div/div/div/div/div/div/div[2]/div/div[2]/div[8]/div[2]/div[3]/div/input'.</msg>
<status status="PASS" starttime="20200716 14:59:00.009" endtime="20200716 14:59:02.398"></status>
</kw>
<kw name="Sleep" library="BuiltIn">
<doc>Pauses the test executed for the given time.</doc>
<arguments>
<arg>2</arg>
</arguments>
<msg timestamp="20200716 14:59:04.399" level="INFO">Slept 2 seconds</msg>
<status status="PASS" starttime="20200716 14:59:02.398" endtime="20200716 14:59:04.399"></status>
</kw>
<status status="PASS" starttime="20200716 14:59:00.007" endtime="20200716 14:59:04.399"></status>
</kw>
<kw name="Select Residential Street Type" library="ch_7_current_residential_address">
<kw name="Evaluate" library="BuiltIn">
<doc>Evaluates the given expression in Python and returns the result.</doc>
<arguments>
<arg>random.randint(1,99)</arg>
<arg>random</arg>
</arguments>
<assign>
<var>${street_type}</var>
</assign>
<msg timestamp="20200716 14:59:04.401" level="INFO">${street_type} = 31</msg>
<status status="PASS" starttime="20200716 14:59:04.400" endtime="20200716 14:59:04.401"></status>
</kw>
<kw name="Click Element" library="Selenium2Library">
<doc>Click the element identified by ``locator``.</doc>
<arguments>
<arg>xpath=/html/body/div/div[2]/div/div/div[2]/div/div/div/div/div/div/div[2]/div/div[2]/div[8]/div[2]/div[4]/div/div[1]/input</arg>
</arguments>
<msg timestamp="20200716 14:59:04.401" level="INFO">Clicking element 'xpath=/html/body/div/div[2]/div/div/div[2]/div/div/div/div/div/div/div[2]/div/div[2]/div[8]/div[2]/div[4]/div/div[1]/input'.</msg>
<status status="PASS" starttime="20200716 14:59:04.401" endtime="20200716 14:59:04.539"></status>
</kw>
<kw name="Sleep" library="BuiltIn">
<doc>Pauses the test executed for the given time.</doc>
<arguments>
<arg>2</arg>
</arguments>
<msg timestamp="20200716 14:59:06.541" level="INFO">Slept 2 seconds</msg>
<status status="PASS" starttime="20200716 14:59:04.540" endtime="20200716 14:59:06.541"></status>
</kw>
<kw name="Click Element" library="Selenium2Library">
<doc>Click the element identified by ``locator``.</doc>
<arguments>
<arg>xpath=/html/body/div/div[2]/div/div/div[2]/div/div/div/div/div/div/div[2]/div/div[2]/div[8]/div[2]/div[4]/div/div[2]/div[1]/div[1]/ul/li[ ${street_type}]</arg>
</arguments>
<msg timestamp="20200716 14:59:06.542" level="INFO">Clicking element 'xpath=/html/body/div/div[2]/div/div/div[2]/div/div/div/div/div/div/div[2]/div/div[2]/div[8]/div[2]/div[4]/div/div[2]/div[1]/div[1]/ul/li[ 31]'.</msg>
<status status="PASS" starttime="20200716 14:59:06.541" endtime="20200716 14:59:06.797"></status>
</kw>
<kw name="Sleep" library="BuiltIn">
<doc>Pauses the test executed for the given time.</doc>
<arguments>
<arg>2</arg>
</arguments>
<msg timestamp="20200716 14:59:08.799" level="INFO">Slept 2 seconds</msg>
<status status="PASS" starttime="20200716 14:59:06.797" endtime="20200716 14:59:08.799"></status>
</kw>
<status status="PASS" starttime="20200716 14:59:04.400" endtime="20200716 14:59:08.799"></status>
</kw>
<kw name="Select Residential Country" library="ch_7_current_residential_address">
<kw name="Evaluate" library="BuiltIn">
<doc>Evaluates the given expression in Python and returns the result.</doc>
<arguments>
<arg>random.randint(1,250)</arg>
<arg>random</arg>
</arguments>
<assign>
<var>${residential_country}</var>
</assign>
<msg timestamp="20200716 14:59:08.801" level="INFO">${residential_country} = 74</msg>
<status status="PASS" starttime="20200716 14:59:08.800" endtime="20200716 14:59:08.801"></status>
</kw>
<kw name="Click Element" library="Selenium2Library">
<doc>Click the element identified by ``locator``.</doc>
<arguments>
<arg>xpath=/html/body/div/div[2]/div/div/div[2]/div/div/div/div/div/div/div[2]/div/div[2]/div[8]/div[2]/div[5]/div/div[1]/input</arg>
</arguments>
<msg timestamp="20200716 14:59:08.801" level="INFO">Clicking element 'xpath=/html/body/div/div[2]/div/div/div[2]/div/div/div/div/div/div/div[2]/div/div[2]/div[8]/div[2]/div[5]/div/div[1]/input'.</msg>
<status status="PASS" starttime="20200716 14:59:08.801" endtime="20200716 14:59:09.013"></status>
</kw>
<kw name="Sleep" library="BuiltIn">
<doc>Pauses the test executed for the given time.</doc>
<arguments>
<arg>2</arg>
</arguments>
<msg timestamp="20200716 14:59:11.015" level="INFO">Slept 2 seconds</msg>
<status status="PASS" starttime="20200716 14:59:09.013" endtime="20200716 14:59:11.015"></status>
</kw>
<kw name="Click Element" library="Selenium2Library">
<doc>Click the element identified by ``locator``.</doc>
<arguments>
<arg>xpath=/html/body/div/div[2]/div/div/div[2]/div/div/div/div/div/div/div[2]/div/div[2]/div[8]/div[2]/div[5]/div/div[2]/div[1]/div[1]/ul/li[${residential_country}]</arg>
</arguments>
<msg timestamp="20200716 14:59:11.016" level="INFO">Clicking element 'xpath=/html/body/div/div[2]/div/div/div[2]/div/div/div/div/div/div/div[2]/div/div[2]/div[8]/div[2]/div[5]/div/div[2]/div[1]/div[1]/ul/li[74]'.</msg>
<status status="PASS" starttime="20200716 14:59:11.015" endtime="20200716 14:59:11.292"></status>
</kw>
<kw name="Sleep" library="BuiltIn">
<doc>Pauses the test executed for the given time.</doc>
<arguments>
<arg>2</arg>
</arguments>
<msg timestamp="20200716 14:59:13.293" level="INFO">Slept 2 seconds</msg>
<status status="PASS" starttime="20200716 14:59:11.293" endtime="20200716 14:59:13.293"></status>
</kw>
<status status="PASS" starttime="20200716 14:59:08.800" endtime="20200716 14:59:13.293"></status>
</kw>
<kw name="Enter Residential Suburb" library="ch_7_current_residential_address">
<kw name="Street Name" library="FakerLibrary">
<doc>:example 'Crist Parks'</doc>
<assign>
<var>${residential_suburb}</var>
</assign>
<msg timestamp="20200716 14:59:13.295" level="INFO">${residential_suburb} = Wagner Harbor</msg>
<status status="PASS" starttime="20200716 14:59:13.294" endtime="20200716 14:59:13.295"></status>
</kw>
<kw name="Input Text" library="Selenium2Library">
<doc>Types the given ``text`` into the text field identified by ``locator``.</doc>
<arguments>
<arg>xpath=/html/body/div/div[2]/div/div/div[2]/div/div/div/div/div/div/div[2]/div/div[2]/div[8]/div[2]/div[6]/div/input</arg>
<arg>${residential_suburb}</arg>
</arguments>
<msg timestamp="20200716 14:59:13.295" level="INFO">Typing text 'Wagner Harbor' into text field 'xpath=/html/body/div/div[2]/div/div/div[2]/div/div/div/div/div/div/div[2]/div/div[2]/div[8]/div[2]/div[6]/div/input'.</msg>
<status status="PASS" starttime="20200716 14:59:13.295" endtime="20200716 14:59:15.417"></status>
</kw>
<kw name="Sleep" library="BuiltIn">
<doc>Pauses the test executed for the given time.</doc>
<arguments>
<arg>2</arg>
</arguments>
<msg timestamp="20200716 14:59:17.418" level="INFO">Slept 2 seconds</msg>
<status status="PASS" starttime="20200716 14:59:15.417" endtime="20200716 14:59:17.418"></status>
</kw>
<status status="PASS" starttime="20200716 14:59:13.294" endtime="20200716 14:59:17.419"></status>
</kw>
<kw name="Enter Residential Postcode" library="ch_7_current_residential_address">
<kw name="Random Number" library="FakerLibrary">
<doc>Generate a random integer according to the following rules:</doc>
<arguments>
<arg>5</arg>
</arguments>
<assign>
<var>${residential_postcode}</var>
</assign>
<msg timestamp="20200716 14:59:17.420" level="INFO">${residential_postcode} = 47474</msg>
<status status="PASS" starttime="20200716 14:59:17.420" endtime="20200716 14:59:17.420"></status>
</kw>
<kw name="Input Text" library="Selenium2Library">
<doc>Types the given ``text`` into the text field identified by ``locator``.</doc>
<arguments>
<arg>xpath=/html/body/div/div[2]/div/div/div[2]/div/div/div/div/div/div/div[2]/div/div[2]/div[8]/div[2]/div[7]/input</arg>
<arg>${residential_postcode}</arg>
</arguments>
<msg timestamp="20200716 14:59:17.421" level="INFO">Typing text '47474' into text field 'xpath=/html/body/div/div[2]/div/div/div[2]/div/div/div/div/div/div/div[2]/div/div[2]/div[8]/div[2]/div[7]/input'.</msg>
<status status="PASS" starttime="20200716 14:59:17.420" endtime="20200716 14:59:18.343"></status>
</kw>
<kw name="Sleep" library="BuiltIn">
<doc>Pauses the test executed for the given time.</doc>
<arguments>
<arg>2</arg>
</arguments>
<msg timestamp="20200716 14:59:20.344" level="INFO">Slept 2 seconds</msg>
<status status="PASS" starttime="20200716 14:59:18.343" endtime="20200716 14:59:20.344"></status>
</kw>
<status status="PASS" starttime="20200716 14:59:17.419" endtime="20200716 14:59:20.344"></status>
</kw>
<kw name="Enter Residential From Day" library="ch_7_current_residential_address">
<kw name="Evaluate" library="BuiltIn">
<doc>Evaluates the given expression in Python and returns the result.</doc>
<arguments>
<arg>random.randint(1,31)</arg>
<arg>random</arg>
</arguments>
<assign>
<var>${day_int}</var>
</assign>
<msg timestamp="20200716 14:59:20.346" level="INFO">${day_int} = 6</msg>
<status status="PASS" starttime="20200716 14:59:20.345" endtime="20200716 14:59:20.346"></status>
</kw>
<kw name="Convert To String" library="BuiltIn">
<doc>Converts the given item to a Unicode string.</doc>
<arguments>
<arg>${day_int}</arg>
</arguments>
<assign>
<var>${day}</var>
</assign>
<msg timestamp="20200716 14:59:20.346" level="INFO">${day} = 6</msg>
<status status="PASS" starttime="20200716 14:59:20.346" endtime="20200716 14:59:20.346"></status>
</kw>
<kw name="Input Text" library="Selenium2Library">
<doc>Types the given ``text`` into the text field identified by ``locator``.</doc>
<arguments>
<arg>xpath=/html/body/div/div[2]/div/div/div[2]/div/div/div/div/div/div/div[2]/div/div[2]/div[8]/div[2]/div[8]/section/div/div[1]/div/input</arg>
<arg>${day}</arg>
</arguments>
<msg timestamp="20200716 14:59:20.347" level="INFO">Typing text '6' into text field 'xpath=/html/body/div/div[2]/div/div/div[2]/div/div/div/div/div/div/div[2]/div/div[2]/div[8]/div[2]/div[8]/section/div/div[1]/div/input'.</msg>
<status status="PASS" starttime="20200716 14:59:20.346" endtime="20200716 14:59:20.606"></status>
</kw>
<kw name="Sleep" library="BuiltIn">
<doc>Pauses the test executed for the given time.</doc>
<arguments>
<arg>2</arg>
</arguments>
<msg timestamp="20200716 14:59:22.607" level="INFO">Slept 2 seconds</msg>
<status status="PASS" starttime="20200716 14:59:20.606" endtime="20200716 14:59:22.607"></status>
</kw>
<status status="PASS" starttime="20200716 14:59:20.345" endtime="20200716 14:59:22.607"></status>
</kw>
<kw name="Enter Residential From Month" library="ch_7_current_residential_address">
<kw name="Evaluate" library="BuiltIn">
<doc>Evaluates the given expression in Python and returns the result.</doc>
<arguments>
<arg>random.randint(1,12)</arg>
<arg>random</arg>
</arguments>
<assign>
<var>${month_int}</var>
</assign>
<msg timestamp="20200716 14:59:22.609" level="INFO">${month_int} = 8</msg>
<status status="PASS" starttime="20200716 14:59:22.608" endtime="20200716 14:59:22.609"></status>
</kw>
<kw name="Convert To String" library="BuiltIn">
<doc>Converts the given item to a Unicode string.</doc>
<arguments>
<arg>${month_int}</arg>
</arguments>
<assign>
<var>${month}</var>
</assign>
<msg timestamp="20200716 14:59:22.609" level="INFO">${month} = 8</msg>
<status status="PASS" starttime="20200716 14:59:22.609" endtime="20200716 14:59:22.609"></status>
</kw>
<kw name="Input Text" library="Selenium2Library">
<doc>Types the given ``text`` into the text field identified by ``locator``.</doc>
<arguments>
<arg>xpath=/html/body/div/div[2]/div/div/div[2]/div/div/div/div/div/div/div[2]/div/div[2]/div[8]/div[2]/div[8]/section/div/div[2]/div/input</arg>
<arg>${month}</arg>
</arguments>
<msg timestamp="20200716 14:59:22.610" level="INFO">Typing text '8' into text field 'xpath=/html/body/div/div[2]/div/div/div[2]/div/div/div/div/div/div/div[2]/div/div[2]/div[8]/div[2]/div[8]/section/div/div[2]/div/input'.</msg>
<status status="PASS" starttime="20200716 14:59:22.610" endtime="20200716 14:59:22.748"></status>
</kw>
<kw name="Sleep" library="BuiltIn">
<doc>Pauses the test executed for the given time.</doc>
<arguments>
<arg>3</arg>
</arguments>
<msg timestamp="20200716 14:59:25.749" level="INFO">Slept 3 seconds</msg>
<status status="PASS" starttime="20200716 14:59:22.748" endtime="20200716 14:59:25.749"></status>
</kw>
<status status="PASS" starttime="20200716 14:59:22.608" endtime="20200716 14:59:25.749"></status>
</kw>
<kw name="Enter Residential From Year" library="ch_7_current_residential_address">
<kw name="Sleep" library="BuiltIn">
<doc>Pauses the test executed for the given time.</doc>
<arguments>
<arg>2</arg>
</arguments>
<msg timestamp="20200716 14:59:27.751" level="INFO">Slept 2 seconds</msg>
<status status="PASS" starttime="20200716 14:59:25.751" endtime="20200716 14:59:27.751"></status>
</kw>
<kw name="Input Text" library="Selenium2Library">
<doc>Types the given ``text`` into the text field identified by ``locator``.</doc>
<arguments>
<arg>xpath=/html/body/div/div[2]/div/div/div[2]/div/div/div/div/div/div/div[2]/div/div[2]/div[8]/div[2]/div[8]/section/div/div[3]/div/input</arg>
<arg>2017</arg>
</arguments>
<msg timestamp="20200716 14:59:27.752" level="INFO">Typing text '2017' into text field 'xpath=/html/body/div/div[2]/div/div/div[2]/div/div/div/div/div/div/div[2]/div/div[2]/div[8]/div[2]/div[8]/section/div/div[3]/div/input'.</msg>
<status status="PASS" starttime="20200716 14:59:27.751" endtime="20200716 14:59:28.462"></status>
</kw>
<kw name="Sleep" library="BuiltIn">
<doc>Pauses the test executed for the given time.</doc>
<arguments>
<arg>2</arg>
</arguments>
<msg timestamp="20200716 14:59:30.464" level="INFO">Slept 2 seconds</msg>
<status status="PASS" starttime="20200716 14:59:28.463" endtime="20200716 14:59:30.464"></status>
</kw>
<status status="PASS" starttime="20200716 14:59:25.750" endtime="20200716 14:59:30.464"></status>
</kw>
<kw name="Select Currently Living Checkbox" library="ch_7_current_residential_address">
<kw name="Click Element" library="Selenium2Library">
<doc>Click the element identified by ``locator``.</doc>
<arguments>
<arg>xpath=/html/body/div/div[2]/div/div/div[2]/div/div/div/div/div/div/div[2]/div/div[2]/div[8]/div[2]/div[9]/label</arg>
</arguments>
<msg timestamp="20200716 14:59:30.466" level="INFO">Clicking element 'xpath=/html/body/div/div[2]/div/div/div[2]/div/div/div/div/div/div/div[2]/div/div[2]/div[8]/div[2]/div[9]/label'.</msg>
<status status="PASS" starttime="20200716 14:59:30.465" endtime="20200716 14:59:30.740"></status>
</kw>
<kw name="Sleep" library="BuiltIn">
<doc>Pauses the test executed for the given time.</doc>
<arguments>
<arg>2</arg>
</arguments>
<msg timestamp="20200716 14:59:32.743" level="INFO">Slept 2 seconds</msg>
<status status="PASS" starttime="20200716 14:59:30.741" endtime="20200716 14:59:32.743"></status>
</kw>
<kw name="Element Should Be Visible" library="Selenium2Library">
<doc>Verifies that the element identified by ``locator`` is visible.</doc>
<arguments>
<arg>xpath=//*[@id="residential-address-section"]/div[4]</arg>
</arguments>
<msg timestamp="20200716 14:59:32.781" level="INFO">Element 'xpath=//*[@id="residential-address-section"]/div[4]' is displayed.</msg>
<status status="PASS" starttime="20200716 14:59:32.743" endtime="20200716 14:59:32.781"></status>
</kw>
<kw name="Element Should Contain" library="Selenium2Library">
<doc>Verifies that element ``locator`` contains text ``expected``.</doc>
<arguments>
<arg>xpath=//*[@id="previous-address-section-header"]</arg>
<arg>Previous Address</arg>
</arguments>
<msg timestamp="20200716 14:59:32.814" level="INFO">Element 'xpath=//*[@id="previous-address-section-header"]' contains text 'Previous Address'.</msg>
<status status="PASS" starttime="20200716 14:59:32.781" endtime="20200716 14:59:32.814"></status>
</kw>
<status status="PASS" starttime="20200716 14:59:30.465" endtime="20200716 14:59:32.815"></status>
</kw>
<kw name="Enter Previous Address Unit Number" library="ch_7_current_residential_address">
<kw name="Random Number" library="FakerLibrary">
<doc>Generate a random integer according to the following rules:</doc>
<arguments>
<arg>5</arg>
</arguments>
<assign>
<var>${previous_unit_number}</var>
</assign>
<msg timestamp="20200716 14:59:32.816" level="INFO">${previous_unit_number} = 20446</msg>
<status status="PASS" starttime="20200716 14:59:32.816" endtime="20200716 14:59:32.816"></status>
</kw>
<kw name="Input Text" library="Selenium2Library">
<doc>Types the given ``text`` into the text field identified by ``locator``.</doc>
<arguments>
<arg>xpath=//*[@id="residential-address-section"]/div[3]/div[2]/div[1]/div/input</arg>
<arg>${previous_unit_number}</arg>
</arguments>
<msg timestamp="20200716 14:59:32.817" level="INFO">Typing text '20446' into text field 'xpath=//*[@id="residential-address-section"]/div[3]/div[2]/div[1]/div/input'.</msg>
<status status="PASS" starttime="20200716 14:59:32.816" endtime="20200716 14:59:33.693"></status>
</kw>
<kw name="Sleep" library="BuiltIn">
<doc>Pauses the test executed for the given time.</doc>
<arguments>
<arg>2</arg>
</arguments>
<msg timestamp="20200716 14:59:35.693" level="INFO">Slept 2 seconds</msg>
<status status="PASS" starttime="20200716 14:59:33.693" endtime="20200716 14:59:35.693"></status>
</kw>
<status status="PASS" starttime="20200716 14:59:32.815" endtime="20200716 14:59:35.693"></status>
</kw>
<kw name="Enter Previous Residential Street Number" library="ch_7_current_residential_address">
<kw name="Random Number" library="FakerLibrary">
<doc>Generate a random integer according to the following rules:</doc>
<arguments>
<arg>5</arg>
</arguments>
<assign>
<var>${previous_street_number}</var>
</assign>
<msg timestamp="20200716 14:59:35.695" level="INFO">${previous_street_number} = 29788</msg>
<status status="PASS" starttime="20200716 14:59:35.694" endtime="20200716 14:59:35.695"></status>
</kw>
<kw name="Input Text" library="Selenium2Library">
<doc>Types the given ``text`` into the text field identified by ``locator``.</doc>
<arguments>
<arg>xpath=//*[@id="residential-address-section"]/div[3]/div[2]/div[2]/div/input</arg>
<arg>${previous_street_number}</arg>
</arguments>
<msg timestamp="20200716 14:59:35.695" level="INFO">Typing text '29788' into text field 'xpath=//*[@id="residential-address-section"]/div[3]/div[2]/div[2]/div/input'.</msg>
<status status="PASS" starttime="20200716 14:59:35.695" endtime="20200716 14:59:36.493"></status>
</kw>
<kw name="Sleep" library="BuiltIn">
<doc>Pauses the test executed for the given time.</doc>
<arguments>
<arg>2</arg>
</arguments>
<msg timestamp="20200716 14:59:38.493" level="INFO">Slept 2 seconds</msg>
<status status="PASS" starttime="20200716 14:59:36.493" endtime="20200716 14:59:38.493"></status>
</kw>
<status status="PASS" starttime="20200716 14:59:35.694" endtime="20200716 14:59:38.493"></status>
</kw>
<kw name="Enter Previous Residential Street Name" library="ch_7_current_residential_address">
<kw name="Street Name" library="FakerLibrary">
<doc>:example 'Crist Parks'</doc>
<assign>
<var>${previous_street_name}</var>
</assign>
<msg timestamp="20200716 14:59:38.495" level="INFO">${previous_street_name} = Williams Camp</msg>
<status status="PASS" starttime="20200716 14:59:38.494" endtime="20200716 14:59:38.495"></status>
</kw>
<kw name="Input Text" library="Selenium2Library">
<doc>Types the given ``text`` into the text field identified by ``locator``.</doc>
<arguments>
<arg>xpath=//*[@id="residential-address-section"]/div[3]/div[2]/div[3]/div/input</arg>
<arg>${previous_street_name}</arg>
</arguments>
<msg timestamp="20200716 14:59:38.496" level="INFO">Typing text 'Williams Camp' into text field 'xpath=//*[@id="residential-address-section"]/div[3]/div[2]/div[3]/div/input'.</msg>
<status status="PASS" starttime="20200716 14:59:38.495" endtime="20200716 14:59:40.702"></status>
</kw>
<kw name="Sleep" library="BuiltIn">
<doc>Pauses the test executed for the given time.</doc>
<arguments>
<arg>2</arg>
</arguments>
<msg timestamp="20200716 14:59:42.702" level="INFO">Slept 2 seconds</msg>
<status status="PASS" starttime="20200716 14:59:40.702" endtime="20200716 14:59:42.702"></status>
</kw>
<status status="PASS" starttime="20200716 14:59:38.494" endtime="20200716 14:59:42.702"></status>
</kw>
<kw name="Select Previous Residential Street Type" library="ch_7_current_residential_address">
<kw name="Evaluate" library="BuiltIn">
<doc>Evaluates the given expression in Python and returns the result.</doc>
<arguments>
<arg>random.randint(1,99)</arg>
<arg>random</arg>
</arguments>
<assign>
<var>${previous_street_type}</var>
</assign>
<msg timestamp="20200716 14:59:42.704" level="INFO">${previous_street_type} = 24</msg>
<status status="PASS" starttime="20200716 14:59:42.703" endtime="20200716 14:59:42.704"></status>
</kw>
<kw name="Click Element" library="Selenium2Library">
<doc>Click the element identified by ``locator``.</doc>
<arguments>
<arg>xpath=//*[@id="residential-address-section"]/div[3]/div[2]/div[4]/div/div[1]/input</arg>
</arguments>
<msg timestamp="20200716 14:59:42.704" level="INFO">Clicking element 'xpath=//*[@id="residential-address-section"]/div[3]/div[2]/div[4]/div/div[1]/input'.</msg>
<status status="PASS" starttime="20200716 14:59:42.704" endtime="20200716 14:59:42.860"></status>
</kw>
<kw name="Sleep" library="BuiltIn">
<doc>Pauses the test executed for the given time.</doc>
<arguments>
<arg>2</arg>
</arguments>
<msg timestamp="20200716 14:59:44.863" level="INFO">Slept 2 seconds</msg>
<status status="PASS" starttime="20200716 14:59:42.861" endtime="20200716 14:59:44.863"></status>
</kw>
<kw name="Click Element" library="Selenium2Library">
<doc>Click the element identified by ``locator``.</doc>
<arguments>
<arg>xpath=//*[@id="residential-address-section"]/div[3]/div[2]/div[4]/div/div[2]/div[1]/div[1]/ul/li[${previous_street_type}]</arg>
</arguments>
<msg timestamp="20200716 14:59:44.864" level="INFO">Clicking element 'xpath=//*[@id="residential-address-section"]/div[3]/div[2]/div[4]/div/div[2]/div[1]/div[1]/ul/li[24]'.</msg>
<status status="PASS" starttime="20200716 14:59:44.863" endtime="20200716 14:59:45.120"></status>
</kw>
<kw name="Sleep" library="BuiltIn">
<doc>Pauses the test executed for the given time.</doc>
<arguments>
<arg>2</arg>
</arguments>
<msg timestamp="20200716 14:59:47.123" level="INFO">Slept 2 seconds</msg>
<status status="PASS" starttime="20200716 14:59:45.121" endtime="20200716 14:59:47.123"></status>
</kw>
[...]
<status status="PASS" starttime="20200716 15:01:01.774" endtime="20200716 15:01:01.936"></status>
</kw>
<status status="PASS" starttime="20200716 15:01:01.771" endtime="20200716 15:01:01.937"></status>
</kw>
<kw name="Enter ASIC Year From" library="ch_17_asic_personal_extract_details">
<kw name="Evaluate" library="BuiltIn">
<doc>Evaluates the given expression in Python and returns the result.</doc>
<arguments>
<arg>random.randint(1980,2000)</arg>
<arg>random</arg>
</arguments>
<assign>
<var>${asic_year_from}</var>
</assign>
<msg timestamp="20200716 15:01:01.940" level="INFO">${asic_year_from} = 1988</msg>
<status status="PASS" starttime="20200716 15:01:01.939" endtime="20200716 15:01:01.940"></status>
</kw>
<kw name="Convert To String" library="BuiltIn">
<doc>Converts the given item to a Unicode string.</doc>
<arguments>
<arg>${asic_year_from}</arg>
</arguments>
<assign>
<var>${year_asic_from}</var>
</assign>
<msg timestamp="20200716 15:01:01.941" level="INFO">${year_asic_from} = 1988</msg>
<status status="PASS" starttime="20200716 15:01:01.940" endtime="20200716 15:01:01.941"></status>
</kw>
<kw name="Input Text" library="Selenium2Library">
<doc>Types the given ``text`` into the text field identified by ``locator``.</doc>
<arguments>
<arg>xpath=//*[@id="asic-personal-extract-check-section"]/div[2]/div[2]/section/div/div[3]/div/input</arg>
<arg>${year_asic_from}</arg>
</arguments>
<msg timestamp="20200716 15:01:01.942" level="INFO">Typing text '1988' into text field 'xpath=//*[@id="asic-personal-extract-check-section"]/div[2]/div[2]/section/div/div[3]/div/input'.</msg>
<status status="PASS" starttime="20200716 15:01:01.941" endtime="20200716 15:01:02.172"></status>
</kw>
<status status="PASS" starttime="20200716 15:01:01.937" endtime="20200716 15:01:02.172"></status>
</kw>
<kw name="Enter ASIC Day To" library="ch_17_asic_personal_extract_details">
<kw name="Evaluate" library="BuiltIn">
<doc>Evaluates the given expression in Python and returns the result.</doc>
<arguments>
<arg>random.randint(1,31)</arg>
<arg>random</arg>
</arguments>
<assign>
<var>${asic_day_to}</var>
</assign>
<msg timestamp="20200716 15:01:02.173" level="INFO">${asic_day_to} = 12</msg>
<status status="PASS" starttime="20200716 15:01:02.173" endtime="20200716 15:01:02.173"></status>
</kw>
<kw name="Convert To String" library="BuiltIn">
<doc>Converts the given item to a Unicode string.</doc>
<arguments>
<arg>${asic_day_to}</arg>
</arguments>
<assign>
<var>${day_asic_to}</var>
</assign>
<msg timestamp="20200716 15:01:02.174" level="INFO">${day_asic_to} = 12</msg>
<status status="PASS" starttime="20200716 15:01:02.174" endtime="20200716 15:01:02.174"></status>
</kw>
<kw name="Input Text" library="Selenium2Library">
<doc>Types the given ``text`` into the text field identified by ``locator``.</doc>
<arguments>
<arg>xpath=//*[@id="asic-personal-extract-check-section"]/div[2]/div[3]/section/div/div[1]/div/input</arg>
<arg>${day_asic_to}</arg>
</arguments>
<msg timestamp="20200716 15:01:02.174" level="INFO">Typing text '12' into text field 'xpath=//*[@id="asic-personal-extract-check-section"]/div[2]/div[3]/section/div/div[1]/div/input'.</msg>
<status status="PASS" starttime="20200716 15:01:02.174" endtime="20200716 15:01:02.351"></status>
</kw>
<status status="PASS" starttime="20200716 15:01:02.172" endtime="20200716 15:01:02.351"></status>
</kw>
<kw name="Enter ASIC Month To" library="ch_17_asic_personal_extract_details">
<kw name="Evaluate" library="BuiltIn">
<doc>Evaluates the given expression in Python and returns the result.</doc>
<arguments>
<arg>random.randint(1,12)</arg>
<arg>random</arg>
</arguments>
<assign>
<var>${asic_month_to}</var>
</assign>
<msg timestamp="20200716 15:01:02.353" level="INFO">${asic_month_to} = 10</msg>
<status status="PASS" starttime="20200716 15:01:02.352" endtime="20200716 15:01:02.353"></status>
</kw>
<kw name="Convert To String" library="BuiltIn">
<doc>Converts the given item to a Unicode string.</doc>
<arguments>
<arg>${asic_month_to}</arg>
</arguments>
<assign>
<var>${month_asic_to}</var>
</assign>
<msg timestamp="20200716 15:01:02.353" level="INFO">${month_asic_to} = 10</msg>
<status status="PASS" starttime="20200716 15:01:02.353" endtime="20200716 15:01:02.353"></status>
</kw>
<kw name="Input Text" library="Selenium2Library">
<doc>Types the given ``text`` into the text field identified by ``locator``.</doc>
<arguments>
<arg>xpath=//*[@id="asic-personal-extract-check-section"]/div[2]/div[3]/section/div/div[2]/div/input</arg>
<arg>${month_asic_to}</arg>
</arguments>
<msg timestamp="20200716 15:01:02.354" level="INFO">Typing text '10' into text field 'xpath=//*[@id="asic-personal-extract-check-section"]/div[2]/div[3]/section/div/div[2]/div/input'.</msg>
<status status="PASS" starttime="20200716 15:01:02.354" endtime="20200716 15:01:02.536"></status>
</kw>
<status status="PASS" starttime="20200716 15:01:02.351" endtime="20200716 15:01:02.536"></status>
</kw>
<kw name="Enter ASIC Year To" library="ch_17_asic_personal_extract_details">
<kw name="Evaluate" library="BuiltIn">
<doc>Evaluates the given expression in Python and returns the result.</doc>
<arguments>
<arg>random.randint(1980,2000)</arg>
<arg>random</arg>
</arguments>
<assign>
<var>${asic_year_to}</var>
</assign>
<msg timestamp="20200716 15:01:02.537" level="INFO">${asic_year_to} = 1992</msg>
<status status="PASS" starttime="20200716 15:01:02.537" endtime="20200716 15:01:02.538"></status>
</kw>
<kw name="Convert To String" library="BuiltIn">
<doc>Converts the given item to a Unicode string.</doc>
<arguments>
<arg>${asic_year_to}</arg>
</arguments>
<assign>
<var>${year_asic_to}</var>
</assign>
<msg timestamp="20200716 15:01:02.538" level="INFO">${year_asic_to} = 1992</msg>
<status status="PASS" starttime="20200716 15:01:02.538" endtime="20200716 15:01:02.538"></status>
</kw>
<kw name="Input Text" library="Selenium2Library">
<doc>Types the given ``text`` into the text field identified by ``locator``.</doc>
<arguments>
<arg>xpath=//*[@id="asic-personal-extract-check-section"]/div[2]/div[3]/section/div/div[3]/div/input</arg>
<arg>${year_asic_to}</arg>
</arguments>
<msg timestamp="20200716 15:01:02.539" level="INFO">Typing text '1992' into text field 'xpath=//*[@id="asic-personal-extract-check-section"]/div[2]/div[3]/section/div/div[3]/div/input'.</msg>
<status status="PASS" starttime="20200716 15:01:02.539" endtime="20200716 15:01:02.792"></status>
</kw>
<status status="PASS" starttime="20200716 15:01:02.536" endtime="20200716 15:01:02.792"></status>
</kw>
<status status="PASS" starttime="20200716 15:01:01.578" endtime="20200716 15:01:02.793"></status>
</kw>
<kw name="And user enter VEVO Details">
<kw name="Check if the form is Visible VEVO" library="ch_18_vevo_details">
<kw name="Element Should Contain" library="Selenium2Library">
<doc>Verifies that element ``locator`` contains text ``expected``.</doc>
<arguments>
<arg>xpath=//*[@id="passport-section-header-section"]</arg>
<arg>Passport</arg>
</arguments>
<msg timestamp="20200716 15:01:02.838" level="INFO">Element 'xpath=//*[@id="passport-section-header-section"]' contains text 'Passport'.</msg>
<status status="PASS" starttime="20200716 15:01:02.795" endtime="20200716 15:01:02.838"></status>
</kw>
<status status="PASS" starttime="20200716 15:01:02.794" endtime="20200716 15:01:02.838"></status>
</kw>
<kw name="Enter VEVO Passport Number" library="ch_18_vevo_details">
<kw name="Random Number" library="FakerLibrary">
<doc>Generate a random integer according to the following rules:</doc>
<arguments>
<arg>15</arg>
</arguments>
<assign>
<var>${vevo_passport_number}</var>
</assign>
<msg timestamp="20200716 15:01:02.840" level="INFO">${vevo_passport_number} = 886625815509128</msg>
<status status="PASS" starttime="20200716 15:01:02.839" endtime="20200716 15:01:02.840"></status>
</kw>
<kw name="Input Text" library="Selenium2Library">
<doc>Types the given ``text`` into the text field identified by ``locator``.</doc>
<arguments>
<arg>xpath=//*[@id="vevo-details-section"]/div[2]/div[2]/div/input</arg>
<arg>${vevo_passport_number}</arg>
</arguments>
<msg timestamp="20200716 15:01:02.840" level="INFO">Typing text '886625815509128' into text field 'xpath=//*[@id="vevo-details-section"]/div[2]/div[2]/div/input'.</msg>
<status status="PASS" starttime="20200716 15:01:02.840" endtime="20200716 15:01:03.806"></status>
</kw>
<status status="PASS" starttime="20200716 15:01:02.839" endtime="20200716 15:01:03.806"></status>
</kw>
<kw name="Select VEVO Country of Issue" library="ch_18_vevo_details">
<kw name="Evaluate" library="BuiltIn">
<doc>Evaluates the given expression in Python and returns the result.</doc>
<arguments>
<arg>random.randint(1,250)</arg>
<arg>random</arg>
</arguments>
<assign>
<var>${vevo_passport_country}</var>
</assign>
<msg timestamp="20200716 15:01:03.808" level="INFO">${vevo_passport_country} = 2</msg>
<status status="PASS" starttime="20200716 15:01:03.807" endtime="20200716 15:01:03.808"></status>
</kw>
<kw name="Click Element" library="Selenium2Library">
<doc>Click the element identified by ``locator``.</doc>
<arguments>
<arg>xpath=//*[@id="vevo-details-section"]/div[2]/div[3]/div/div[1]/input</arg>
</arguments>
<msg timestamp="20200716 15:01:03.808" level="INFO">Clicking element 'xpath=//*[@id="vevo-details-section"]/div[2]/div[3]/div/div[1]/input'.</msg>
<status status="PASS" starttime="20200716 15:01:03.808" endtime="20200716 15:01:04.043"></status>
</kw>
<kw name="Sleep" library="BuiltIn">
<doc>Pauses the test executed for the given time.</doc>
<arguments>
<arg>2</arg>
</arguments>
<msg timestamp="20200716 15:01:06.045" level="INFO">Slept 2 seconds</msg>
<status status="PASS" starttime="20200716 15:01:04.043" endtime="20200716 15:01:06.045"></status>
</kw>
<kw name="Click Element" library="Selenium2Library">
<doc>Click the element identified by ``locator``.</doc>
<arguments>
<arg>xpath=//*[@id="vevo-details-section"]/div[2]/div[3]/div/div[2]/div[1]/div[1]/ul/li[${vevo_passport_country}]</arg>
</arguments>
<msg timestamp="20200716 15:01:06.046" level="INFO">Clicking element 'xpath=//*[@id="vevo-details-section"]/div[2]/div[3]/div/div[2]/div[1]/div[1]/ul/li[2]'.</msg>
<status status="PASS" starttime="20200716 15:01:06.045" endtime="20200716 15:01:06.174"></status>
</kw>
<kw name="Sleep" library="BuiltIn">
<doc>Pauses the test executed for the given time.</doc>
<arguments>
<arg>2</arg>
</arguments>
<msg timestamp="20200716 15:01:08.176" level="INFO">Slept 2 seconds</msg>
<status status="PASS" starttime="20200716 15:01:06.175" endtime="20200716 15:01:08.176"></status>
</kw>
<status status="PASS" starttime="20200716 15:01:03.807" endtime="20200716 15:01:08.176"></status>
</kw>
<kw name="Upload VEVO Passport" library="ch_18_vevo_details">
<kw name="Choose File" library="Selenium2Library">
<doc>Inputs the ``file_path`` into the file input field ``locator``.</doc>
<arguments>
<arg>xpath=//*[@id="vevo-file-upload"]</arg>
<arg>${EXECDIR}/Files/Passport.jpg</arg>
</arguments>
<msg timestamp="20200716 15:01:08.178" level="INFO">Sending C:\Users\Fligno-Laptop-005\Documents\Gitlab Repositories\GC-NXTChecks-Automation\Test Cases\Files\Passport.jpg to browser.</msg>
<status status="PASS" starttime="20200716 15:01:08.177" endtime="20200716 15:01:08.287"></status>
</kw>
<kw name="Sleep" library="BuiltIn">
<doc>Pauses the test executed for the given time.</doc>
<arguments>
<arg>2</arg>
</arguments>
<msg timestamp="20200716 15:01:10.289" level="INFO">Slept 2 seconds</msg>
<status status="PASS" starttime="20200716 15:01:08.288" endtime="20200716 15:01:10.289"></status>
</kw>
<kw name="Wait Until Element Is Enabled" library="Selenium2Library">
<doc>Waits until the element ``locator`` is enabled.</doc>
<arguments>
<arg>xpath=//*[@id="vevo-details-section"]/div[2]/div[4]/div</arg>
</arguments>
<status status="PASS" starttime="20200716 15:01:10.289" endtime="20200716 15:01:10.327"></status>
</kw>
<kw name="Sleep" library="BuiltIn">
<doc>Pauses the test executed for the given time.</doc>
<arguments>
<arg>3</arg>
</arguments>
<msg timestamp="20200716 15:01:13.328" level="INFO">Slept 3 seconds</msg>
<status status="PASS" starttime="20200716 15:01:10.328" endtime="20200716 15:01:13.328"></status>
</kw>
<status status="PASS" starttime="20200716 15:01:08.177" endtime="20200716 15:01:13.328"></status>
</kw>
<status status="PASS" starttime="20200716 15:01:02.794" endtime="20200716 15:01:13.329"></status>
</kw>
<kw name="And user enter Terms and Conditions">
<kw name="Check if the form is Visible Terms and Conditions" library="ch_13_terms_and_conditions">
<kw name="Element Should Contain" library="Selenium2Library">
<doc>Verifies that element ``locator`` contains text ``expected``.</doc>
<arguments>
<arg>xpath=//*[@id="terms-and-condition-header"]</arg>
<arg>Terms and Conditions</arg>
</arguments>
<msg timestamp="20200716 15:01:13.372" level="INFO">Element 'xpath=//*[@id="terms-and-condition-header"]' contains text 'Terms and Conditions'.</msg>
<status status="PASS" starttime="20200716 15:01:13.331" endtime="20200716 15:01:13.373"></status>
</kw>
<status status="PASS" starttime="20200716 15:01:13.331" endtime="20200716 15:01:13.373"></status>
</kw>
<kw name="Accept Terms and Condition" library="ch_13_terms_and_conditions">
<kw name="Click Element" library="Selenium2Library">
<doc>Click the element identified by ``locator``.</doc>
<arguments>
<arg>xpath=//*[@id="additional-agreements-section"]/div[2]/div/label</arg>
</arguments>
<msg timestamp="20200716 15:01:13.374" level="INFO">Clicking element 'xpath=//*[@id="additional-agreements-section"]/div[2]/div/label'.</msg>
<status status="PASS" starttime="20200716 15:01:13.374" endtime="20200716 15:01:13.488"></status>
</kw>
<status status="PASS" starttime="20200716 15:01:13.373" endtime="20200716 15:01:13.488"></status>
</kw>
<status status="PASS" starttime="20200716 15:01:13.330" endtime="20200716 15:01:13.488"></status>
</kw>
<kw name="And user enter NPC Proof of Identity">
<kw name="Check if the form is Visible Proof of Identity" library="ch_10_npc_proof_identity">
<kw name="Element Should Contain" library="Selenium2Library">
<doc>Verifies that element ``locator`` contains text ``expected``.</doc>
<arguments>
<arg>xpath=//*[@id="npc-proof-of-identity-section-header"]</arg>
<arg>NPC Proof of Identity</arg>
</arguments>
<msg timestamp="20200716 15:01:13.545" level="INFO">Element 'xpath=//*[@id="npc-proof-of-identity-section-header"]' contains text 'NPC Proof of Identity'.</msg>
<status status="PASS" starttime="20200716 15:01:13.491" endtime="20200716 15:01:13.545"></status>
</kw>
<status status="PASS" starttime="20200716 15:01:13.490" endtime="20200716 15:01:13.547"></status>
</kw>
<kw name="Click Applicant Consent" library="ch_10_npc_proof_identity">
<kw name="Click Element" library="Selenium2Library">
<doc>Click the element identified by ``locator``.</doc>
<arguments>
<arg>xpath=//*[@id="npc-proof-of-identity-section"]/div[2]/div/div/label[3]</arg>
</arguments>
<msg timestamp="20200716 15:01:13.550" level="INFO">Clicking element 'xpath=//*[@id="npc-proof-of-identity-section"]/div[2]/div/div/label[3]'.</msg>
<status status="PASS" starttime="20200716 15:01:13.549" endtime="20200716 15:01:13.792"></status>
</kw>
<kw name="Sleep" library="BuiltIn">
<doc>Pauses the test executed for the given time.</doc>
<arguments>
<arg>2</arg>
</arguments>
<msg timestamp="20200716 15:01:15.793" level="INFO">Slept 2 seconds</msg>
<status status="PASS" starttime="20200716 15:01:13.792" endtime="20200716 15:01:15.793"></status>
</kw>
<status status="PASS" starttime="20200716 15:01:13.548" endtime="20200716 15:01:15.793"></status>
</kw>
<kw name="Click Upload Documents Modal" library="ch_10_npc_proof_identity">
<kw name="Click Element" library="Selenium2Library">
<doc>Click the element identified by ``locator``.</doc>
<arguments>
<arg>xpath=//*[@id="npc-proof-of-identity-section"]/div[2]/div/div/div[1]/button</arg>
</arguments>
<msg timestamp="20200716 15:01:15.795" level="INFO">Clicking element 'xpath=//*[@id="npc-proof-of-identity-section"]/div[2]/div/div/div[1]/button'.</msg>
<status status="PASS" starttime="20200716 15:01:15.794" endtime="20200716 15:01:15.905"></status>
</kw>
<kw name="Sleep" library="BuiltIn">
<doc>Pauses the test executed for the given time.</doc>
<arguments>
<arg>2</arg>
</arguments>
<msg timestamp="20200716 15:01:17.908" level="INFO">Slept 2 seconds</msg>
<status status="PASS" starttime="20200716 15:01:15.906" endtime="20200716 15:01:17.908"></status>
</kw>
<kw name="Element Should Be Visible" library="Selenium2Library">
<doc>Verifies that the element identified by ``locator`` is visible.</doc>
<arguments>
<arg>xpath=//*[@id="npc-proof-of-identity-section"]/div[5]/div/div</arg>
</arguments>
<msg timestamp="20200716 15:01:17.946" level="INFO">Element 'xpath=//*[@id="npc-proof-of-identity-section"]/div[5]/div/div' is displayed.</msg>
<status status="PASS" starttime="20200716 15:01:17.908" endtime="20200716 15:01:17.946"></status>
</kw>
<kw name="Element Should Contain" library="Selenium2Library">
<doc>Verifies that element ``locator`` contains text ``expected``.</doc>
<arguments>
<arg>xpath=//*[@id="npc-proof-of-identity-section"]/div[5]/div/div</arg>
<arg>Upload Identifications</arg>
</arguments>
<msg timestamp="20200716 15:01:18.038" level="INFO">Element 'xpath=//*[@id="npc-proof-of-identity-section"]/div[5]/div/div' contains text 'Upload Identifications'.</msg>
<status status="PASS" starttime="20200716 15:01:17.946" endtime="20200716 15:01:18.038"></status>
</kw>
<status status="PASS" starttime="20200716 15:01:15.794" endtime="20200716 15:01:18.038"></status>
</kw>
<kw name="Upload Realtime Identity Check" library="ch_12_realtime_identity_check">
<kw name="Choose File" library="Selenium2Library">
<doc>Inputs the ``file_path`` into the file input field ``locator``.</doc>
<arguments>
<arg>xpath=//*[@id="realtime-file-uploader"]</arg>
<arg>${EXECDIR}/Files/Passport.jpg</arg>
</arguments>
<msg timestamp="20200716 15:01:18.040" level="INFO">Sending C:\Users\Fligno-Laptop-005\Documents\Gitlab Repositories\GC-NXTChecks-Automation\Test Cases\Files\Passport.jpg to browser.</msg>
<status status="PASS" starttime="20200716 15:01:18.039" endtime="20200716 15:01:18.134"></status>
</kw>
<kw name="Sleep" library="BuiltIn">
<doc>Pauses the test executed for the given time.</doc>
<arguments>
<arg>2</arg>
</arguments>
<msg timestamp="20200716 15:01:20.136" level="INFO">Slept 2 seconds</msg>
<status status="PASS" starttime="20200716 15:01:18.134" endtime="20200716 15:01:20.136"></status>
</kw>
<kw name="Wait Until Element Is Enabled" library="Selenium2Library">
<doc>Waits until the element ``locator`` is enabled.</doc>
<arguments>
<arg>xpath=//*[@id="realtime-identity-check-section"]/div[2]/div/div[2]/div[2]</arg>
</arguments>
<status status="PASS" starttime="20200716 15:01:20.136" endtime="20200716 15:01:20.182"></status>
</kw>
<kw name="Sleep" library="BuiltIn">
<doc>Pauses the test executed for the given time.</doc>
<arguments>
<arg>3</arg>
</arguments>
<msg timestamp="20200716 15:01:23.184" level="INFO">Slept 3 seconds</msg>
<status status="PASS" starttime="20200716 15:01:20.182" endtime="20200716 15:01:23.184"></status>
</kw>
<status status="PASS" starttime="20200716 15:01:18.038" endtime="20200716 15:01:23.184"></status>
</kw>
<status status="PASS" starttime="20200716 15:01:13.489" endtime="20200716 15:01:23.184"></status>
</kw>
<status status="PASS" starttime="20200716 14:57:14.137" endtime="20200716 15:01:23.186" critical="yes"></status>
</test>
<doc>Check Application -Executive Bundle</doc>
<status status="PASS" starttime="20200716 14:57:12.585" endtime="20200716 15:01:23.191"></status>
</suite>
<statistics>
<total>
<stat pass="1" fail="0">Critical Tests</stat>
<stat pass="1" fail="0">All Tests</stat>
</total>
<tag>
</tag>
<suite>
<stat pass="1" fail="0" id="s1" name="ch Executive Bundle">ch Executive Bundle</stat>
</suite>
</statistics>
<errors>
</errors>
</robot>
