<?xml version="1.0" encoding="UTF-8"?>
<robot generator="Robot 3.2.1 (Python 3.8.3 on win32)" generated="20200708 11:19:45.798" rpa="false">
<suite id="s1" name="Sa 1 Download Batch Records" source="C:\Users\Fligno-Laptop-005\Documents\Gitlab Repositories\GC-NXTChecks-Automation\Test Cases\sa_1_download_batch_records.robot">
<test id="s1-t1" name="Scenario: Create a user">
<kw name="Given user is in Login Page">
<kw name="Login Page" library="common">
<kw name="Open Browser" library="Selenium2Library">
<doc>Opens a new browser instance to the optional ``url``.</doc>
<arguments>
<arg>${url_stg}</arg>
<arg>${browser}</arg>
</arguments>
<msg timestamp="20200708 11:19:46.182" level="INFO">Opening browser 'chrome' to base url 'https://stg.nxtchecks.nxtform.com/'.</msg>
<status status="PASS" starttime="20200708 11:19:46.181" endtime="20200708 11:19:59.244"></status>
</kw>
<kw name="Maximize Browser Window" library="Selenium2Library">
<doc>Maximizes current browser window.</doc>
<status status="PASS" starttime="20200708 11:19:59.244" endtime="20200708 11:20:01.610"></status>
</kw>
<kw name="Sleep" library="BuiltIn">
<doc>Pauses the test executed for the given time.</doc>
<arguments>
<arg>5</arg>
</arguments>
<msg timestamp="20200708 11:20:06.611" level="INFO">Slept 5 seconds</msg>
<status status="PASS" starttime="20200708 11:20:01.611" endtime="20200708 11:20:06.611"></status>
</kw>
<status status="PASS" starttime="20200708 11:19:46.181" endtime="20200708 11:20:06.612"></status>
</kw>
<status status="PASS" starttime="20200708 11:19:46.180" endtime="20200708 11:20:06.612"></status>
</kw>
<kw name="And user enter Superadmin Credentials">
<kw name="Superadmin Account" library="common">
<kw name="Sleep" library="BuiltIn">
<doc>Pauses the test executed for the given time.</doc>
<arguments>
<arg>5</arg>
</arguments>
<msg timestamp="20200708 11:20:11.617" level="INFO">Slept 5 seconds</msg>
<status status="PASS" starttime="20200708 11:20:06.614" endtime="20200708 11:20:11.617"></status>
</kw>
<kw name="Wait Until Page Contains" library="Selenium2Library">
<doc>Waits until ``text`` appears on the current page.</doc>
<arguments>
<arg>Login Account</arg>
</arguments>
<status status="PASS" starttime="20200708 11:20:11.617" endtime="20200708 11:20:11.652"></status>
</kw>
<kw name="Sleep" library="BuiltIn">
<doc>Pauses the test executed for the given time.</doc>
<arguments>
<arg>5</arg>
</arguments>
<msg timestamp="20200708 11:20:16.654" level="INFO">Slept 5 seconds</msg>
<status status="PASS" starttime="20200708 11:20:11.653" endtime="20200708 11:20:16.654"></status>
</kw>
<kw name="Input Text" library="Selenium2Library">
<doc>Types the given ``text`` into the text field identified by ``locator``.</doc>
<arguments>
<arg>//*[@id="login-component"]/form/div[1]/input</arg>
<arg>${super_admin}</arg>
</arguments>
<msg timestamp="20200708 11:20:16.655" level="INFO">Typing text 'globalchecksdeveloper@gmail.com' into text field '//*[@id="login-component"]/form/div[1]/input'.</msg>
<status status="PASS" starttime="20200708 11:20:16.654" endtime="20200708 11:20:17.169"></status>
</kw>
<kw name="Input Text" library="Selenium2Library">
<doc>Types the given ``text`` into the text field identified by ``locator``.</doc>
<arguments>
<arg>//*[@id="login-component"]/form/div[2]/input</arg>
<arg>${sa_password}</arg>
</arguments>
<msg timestamp="20200708 11:20:17.170" level="INFO">Typing text 'qzRtC52' into text field '//*[@id="login-component"]/form/div[2]/input'.</msg>
<status status="PASS" starttime="20200708 11:20:17.170" endtime="20200708 11:20:17.363"></status>
</kw>
<status status="PASS" starttime="20200708 11:20:06.614" endtime="20200708 11:20:17.363"></status>
</kw>
<status status="PASS" starttime="20200708 11:20:06.614" endtime="20200708 11:20:17.363"></status>
</kw>
<kw name="When user click Login button">
<kw name="Login Button" library="common">
<kw name="Click Element" library="Selenium2Library">
<doc>Click the element identified by ``locator``.</doc>
<arguments>
<arg>//*[@id="login-component"]/form/div[3]/button</arg>
</arguments>
<msg timestamp="20200708 11:20:17.366" level="INFO">Clicking element '//*[@id="login-component"]/form/div[3]/button'.</msg>
<status status="PASS" starttime="20200708 11:20:17.365" endtime="20200708 11:20:17.452"></status>
</kw>
<status status="PASS" starttime="20200708 11:20:17.365" endtime="20200708 11:20:17.452"></status>
</kw>
<status status="PASS" starttime="20200708 11:20:17.364" endtime="20200708 11:20:17.453"></status>
</kw>
<kw name="Then user should be directed to the Dashboard">
<kw name="Dashboard" library="common">
<kw name="Sleep" library="BuiltIn">
<doc>Pauses the test executed for the given time.</doc>
<arguments>
<arg>5</arg>
</arguments>
<msg timestamp="20200708 11:20:22.456" level="INFO">Slept 5 seconds</msg>
<status status="PASS" starttime="20200708 11:20:17.455" endtime="20200708 11:20:22.456"></status>
</kw>
<kw name="Page Should Contain" library="Selenium2Library">
<doc>Verifies that current page contains ``text``.</doc>
<arguments>
<arg>Dashboard</arg>
</arguments>
<msg timestamp="20200708 11:20:22.496" level="INFO">Current page contains text 'Dashboard'.</msg>
<status status="PASS" starttime="20200708 11:20:22.456" endtime="20200708 11:20:22.497"></status>
</kw>
<kw name="Sleep" library="BuiltIn">
<doc>Pauses the test executed for the given time.</doc>
<arguments>
<arg>5</arg>
</arguments>
<msg timestamp="20200708 11:20:27.498" level="INFO">Slept 5 seconds</msg>
<status status="PASS" starttime="20200708 11:20:22.497" endtime="20200708 11:20:27.498"></status>
</kw>
<status status="PASS" starttime="20200708 11:20:17.454" endtime="20200708 11:20:27.499"></status>
</kw>
<status status="PASS" starttime="20200708 11:20:17.454" endtime="20200708 11:20:27.499"></status>
</kw>
<kw name="And user navigate to Batch Records">
<kw name="Batch Record" library="common">
<kw name="Click Element" library="Selenium2Library">
<doc>Click the element identified by ``locator``.</doc>
<arguments>
<arg>xpath=/html/body/div/div[2]/div/div[2]/div[1]/div/div[2]/div/div/a[2]</arg>
</arguments>
<msg timestamp="20200708 11:20:27.501" level="INFO">Clicking element 'xpath=/html/body/div/div[2]/div/div[2]/div[1]/div/div[2]/div/div/a[2]'.</msg>
<status status="PASS" starttime="20200708 11:20:27.501" endtime="20200708 11:20:27.699"></status>
</kw>
<kw name="Page Should Contain" library="Selenium2Library">
<doc>Verifies that current page contains ``text``.</doc>
<arguments>
<arg>Batch Records</arg>
<arg>Batch Key</arg>
</arguments>
<msg timestamp="20200708 11:20:27.743" level="INFO">Current page contains text 'Batch Records'.</msg>
<status status="PASS" starttime="20200708 11:20:27.699" endtime="20200708 11:20:27.743"></status>
</kw>
<kw name="Sleep" library="BuiltIn">
<doc>Pauses the test executed for the given time.</doc>
<arguments>
<arg>5</arg>
</arguments>
<msg timestamp="20200708 11:20:32.744" level="INFO">Slept 5 seconds</msg>
<status status="PASS" starttime="20200708 11:20:27.744" endtime="20200708 11:20:32.744"></status>
</kw>
<status status="PASS" starttime="20200708 11:20:27.501" endtime="20200708 11:20:32.745"></status>
</kw>
<status status="PASS" starttime="20200708 11:20:27.500" endtime="20200708 11:20:32.745"></status>
</kw>
<kw name=" And user search for a Batch">
<kw name="Search Batch" library="1_download_batch_records">
<kw name="Input Text" library="Selenium2Library">
<doc>Types the given ``text`` into the text field identified by ``locator``.</doc>
<arguments>
<arg>xpath=//*[@id="responsive-table"]/div[1]/div[1]/div/input</arg>
<arg>BRF1791G8TCHIX63</arg>
</arguments>
<msg timestamp="20200708 11:20:32.748" level="INFO">Typing text 'BRF1791G8TCHIX63' into text field 'xpath=//*[@id="responsive-table"]/div[1]/div[1]/div/input'.</msg>
<status status="PASS" starttime="20200708 11:20:32.747" endtime="20200708 11:20:33.626"></status>
</kw>
<kw name="Sleep" library="BuiltIn">
<doc>Pauses the test executed for the given time.</doc>
<arguments>
<arg>2</arg>
</arguments>
<msg timestamp="20200708 11:20:35.634" level="INFO">Slept 2 seconds</msg>
<status status="PASS" starttime="20200708 11:20:33.626" endtime="20200708 11:20:35.635"></status>
</kw>
<kw name="Element Should Be Visible" library="Selenium2Library">
<doc>Verifies that the element identified by ``locator`` is visible.</doc>
<arguments>
<arg>xpath=//*[@id="batch-table-searchInputNotNullResults"]/div/div</arg>
</arguments>
<msg timestamp="20200708 11:20:35.875" level="INFO">Element 'xpath=//*[@id="batch-table-searchInputNotNullResults"]/div/div' is displayed.</msg>
<status status="PASS" starttime="20200708 11:20:35.635" endtime="20200708 11:20:35.876"></status>
</kw>
<status status="PASS" starttime="20200708 11:20:32.746" endtime="20200708 11:20:35.876"></status>
</kw>
<status status="PASS" starttime="20200708 11:20:32.746" endtime="20200708 11:20:35.876"></status>
</kw>
<kw name="And user click + icon (Show more Options)">
<kw name="Show More Information Batch Record" library="1_download_batch_records">
<kw name="Click Element" library="Selenium2Library">
<doc>Click the element identified by ``locator``.</doc>
<arguments>
<arg>xpath=//*[@id="batch-table-searchInputNotNullResults"]/div/div/div[5]/div/a</arg>
</arguments>
<msg timestamp="20200708 11:20:35.879" level="INFO">Clicking element 'xpath=//*[@id="batch-table-searchInputNotNullResults"]/div/div/div[5]/div/a'.</msg>
<status status="PASS" starttime="20200708 11:20:35.879" endtime="20200708 11:20:36.074"></status>
</kw>
<kw name="Sleep" library="BuiltIn">
<doc>Pauses the test executed for the given time.</doc>
<arguments>
<arg>2</arg>
</arguments>
<msg timestamp="20200708 11:20:38.075" level="INFO">Slept 2 seconds</msg>
<status status="PASS" starttime="20200708 11:20:36.075" endtime="20200708 11:20:38.075"></status>
</kw>
<kw name="Element Should Be Visible" library="Selenium2Library">
<doc>Verifies that the element identified by ``locator`` is visible.</doc>
<arguments>
<arg>xpath=//*[@id="collapse-17"]/div/div/div/div/button</arg>
</arguments>
<msg timestamp="20200708 11:20:38.109" level="INFO">Element 'xpath=//*[@id="collapse-17"]/div/div/div/div/button' is displayed.</msg>
<status status="PASS" starttime="20200708 11:20:38.075" endtime="20200708 11:20:38.109"></status>
</kw>
<status status="PASS" starttime="20200708 11:20:35.877" endtime="20200708 11:20:38.110"></status>
</kw>
<status status="PASS" starttime="20200708 11:20:35.877" endtime="20200708 11:20:38.110"></status>
</kw>
<kw name="And user click Download Dropdown">
<kw name="Click Dropdown 1 Batch Record" library="1_download_batch_records">
<kw name="Click Element" library="Selenium2Library">
<doc>Click the element identified by ``locator``.</doc>
<arguments>
<arg>xpath=//*[@id="collapse-17"]/div/div/div/div/button</arg>
</arguments>
<msg timestamp="20200708 11:20:38.112" level="INFO">Clicking element 'xpath=//*[@id="collapse-17"]/div/div/div/div/button'.</msg>
<status status="PASS" starttime="20200708 11:20:38.112" endtime="20200708 11:20:38.215"></status>
</kw>
<kw name="Sleep" library="BuiltIn">
<doc>Pauses the test executed for the given time.</doc>
<arguments>
<arg>2</arg>
</arguments>
<msg timestamp="20200708 11:20:40.216" level="INFO">Slept 2 seconds</msg>
<status status="PASS" starttime="20200708 11:20:38.215" endtime="20200708 11:20:40.216"></status>
</kw>
<kw name="Element Should Be Visible" library="Selenium2Library">
<doc>Verifies that the element identified by ``locator`` is visible.</doc>
<arguments>
<arg>xpath=//*[@id="collapse-17"]/div/div/div/div/div</arg>
</arguments>
<msg timestamp="20200708 11:20:40.246" level="INFO">Element 'xpath=//*[@id="collapse-17"]/div/div/div/div/div' is displayed.</msg>
<status status="PASS" starttime="20200708 11:20:40.216" endtime="20200708 11:20:40.246"></status>
</kw>
<status status="PASS" starttime="20200708 11:20:38.111" endtime="20200708 11:20:40.246"></status>
</kw>
<status status="PASS" starttime="20200708 11:20:38.111" endtime="20200708 11:20:40.247"></status>
</kw>
<kw name="And user click CSV">
<kw name="Click CSV" library="1_download_batch_records">
<kw name="Click Element" library="Selenium2Library">
<doc>Click the element identified by ``locator``.</doc>
<arguments>
<arg>xpath=//*[@id="collapse-17"]/div/div/div/div/div/a[1]</arg>
</arguments>
<msg timestamp="20200708 11:20:40.249" level="INFO">Clicking element 'xpath=//*[@id="collapse-17"]/div/div/div/div/div/a[1]'.</msg>
<status status="PASS" starttime="20200708 11:20:40.249" endtime="20200708 11:20:40.347"></status>
</kw>
<kw name="Sleep" library="BuiltIn">
<doc>Pauses the test executed for the given time.</doc>
<arguments>
<arg>2</arg>
</arguments>
<msg timestamp="20200708 11:20:42.350" level="INFO">Slept 2 seconds</msg>
<status status="PASS" starttime="20200708 11:20:40.348" endtime="20200708 11:20:42.350"></status>
</kw>
<status status="PASS" starttime="20200708 11:20:40.248" endtime="20200708 11:20:42.351"></status>
</kw>
<status status="PASS" starttime="20200708 11:20:40.247" endtime="20200708 11:20:42.351"></status>
</kw>
<kw name="And user click Download Dropdown again">
<kw name="Click Dropdown 2 Batch Record" library="1_download_batch_records">
<kw name="Click Element" library="Selenium2Library">
<doc>Click the element identified by ``locator``.</doc>
<arguments>
<arg>xpath=//*[@id="collapse-17"]/div/div/div/div/button</arg>
</arguments>
<msg timestamp="20200708 11:20:42.355" level="INFO">Clicking element 'xpath=//*[@id="collapse-17"]/div/div/div/div/button'.</msg>
<status status="PASS" starttime="20200708 11:20:42.355" endtime="20200708 11:20:42.551"></status>
</kw>
<kw name="Sleep" library="BuiltIn">
<doc>Pauses the test executed for the given time.</doc>
<arguments>
<arg>2</arg>
</arguments>
<msg timestamp="20200708 11:20:44.553" level="INFO">Slept 2 seconds</msg>
<status status="PASS" starttime="20200708 11:20:42.552" endtime="20200708 11:20:44.553"></status>
</kw>
<kw name="Element Should Be Visible" library="Selenium2Library">
<doc>Verifies that the element identified by ``locator`` is visible.</doc>
<arguments>
<arg>xpath=//*[@id="collapse-17"]/div/div/div/div/div</arg>
</arguments>
<msg timestamp="20200708 11:20:44.581" level="INFO">Element 'xpath=//*[@id="collapse-17"]/div/div/div/div/div' is displayed.</msg>
<status status="PASS" starttime="20200708 11:20:44.553" endtime="20200708 11:20:44.581"></status>
</kw>
<status status="PASS" starttime="20200708 11:20:42.353" endtime="20200708 11:20:44.582"></status>
</kw>
<status status="PASS" starttime="20200708 11:20:42.352" endtime="20200708 11:20:44.582"></status>
</kw>
<kw name="And user click XLSX">
<kw name="Click XLSX" library="1_download_batch_records">
<kw name="Click Element" library="Selenium2Library">
<doc>Click the element identified by ``locator``.</doc>
<arguments>
<arg>xpath=//*[@id="collapse-17"]/div/div/div/div/div/a[2]</arg>
</arguments>
<msg timestamp="20200708 11:20:44.584" level="INFO">Clicking element 'xpath=//*[@id="collapse-17"]/div/div/div/div/div/a[2]'.</msg>
<status status="PASS" starttime="20200708 11:20:44.583" endtime="20200708 11:20:44.732"></status>
</kw>
<kw name="Sleep" library="BuiltIn">
<doc>Pauses the test executed for the given time.</doc>
<arguments>
<arg>2</arg>
</arguments>
<msg timestamp="20200708 11:20:46.734" level="INFO">Slept 2 seconds</msg>
<status status="PASS" starttime="20200708 11:20:44.733" endtime="20200708 11:20:46.734"></status>
</kw>
<status status="PASS" starttime="20200708 11:20:44.583" endtime="20200708 11:20:46.734"></status>
</kw>
<status status="PASS" starttime="20200708 11:20:44.583" endtime="20200708 11:20:46.734"></status>
</kw>
<status status="PASS" starttime="20200708 11:19:46.179" endtime="20200708 11:20:46.735" critical="yes"></status>
</test>
<doc>Tenant Application Form</doc>
<status status="PASS" starttime="20200708 11:19:45.801" endtime="20200708 11:20:46.739"></status>
</suite>
<statistics>
<total>
<stat pass="1" fail="0">Critical Tests</stat>
<stat pass="1" fail="0">All Tests</stat>
</total>
<tag>
</tag>
<suite>
<stat pass="1" fail="0" id="s1" name="Sa 1 Download Batch Records">Sa 1 Download Batch Records</stat>
</suite>
</statistics>
<errors>
</errors>
</robot>
